[2018-07-05 18:02:34,413: INFO/MainProcess] beat: Starting...
[2018-07-05 18:02:34,413: INFO/MainProcess] Writing entries...
[2018-07-05 18:02:39,448: INFO/MainProcess] Writing entries...
[2018-07-05 18:02:39,449: ERROR/MainProcess] Database error while sync: OperationalError(2006, 'MySQL server has gone away')
Traceback (most recent call last):
  File "/usr/local/lib/python3.6/site-packages/django/db/backends/mysql/base.py", line 307, in _set_autocommit
    self.connection.autocommit(autocommit)
  File "/usr/local/lib/python3.6/site-packages/MySQLdb/connections.py", line 257, in autocommit
    _mysql.connection.autocommit(self, on)
_mysql_exceptions.OperationalError: (2006, 'MySQL server has gone away')

The above exception was the direct cause of the following exception:

Traceback (most recent call last):
  File "/usr/local/lib/python3.6/site-packages/django_celery_beat/schedulers.py", line 233, in sync
    with transaction.atomic():
  File "/usr/local/lib/python3.6/site-packages/django/db/transaction.py", line 184, in __enter__
    connection.set_autocommit(False, force_begin_transaction_with_broken_autocommit=True)
  File "/usr/local/lib/python3.6/site-packages/django/db/backends/base/base.py", line 411, in set_autocommit
    self._set_autocommit(autocommit)
  File "/usr/local/lib/python3.6/site-packages/django/db/backends/mysql/base.py", line 307, in _set_autocommit
    self.connection.autocommit(autocommit)
  File "/usr/local/lib/python3.6/site-packages/django/db/utils.py", line 94, in __exit__
    six.reraise(dj_exc_type, dj_exc_value, traceback)
  File "/usr/local/lib/python3.6/site-packages/django/utils/six.py", line 685, in reraise
    raise value.with_traceback(tb)
  File "/usr/local/lib/python3.6/site-packages/django/db/backends/mysql/base.py", line 307, in _set_autocommit
    self.connection.autocommit(autocommit)
  File "/usr/local/lib/python3.6/site-packages/MySQLdb/connections.py", line 257, in autocommit
    _mysql.connection.autocommit(self, on)
django.db.utils.OperationalError: (2006, 'MySQL server has gone away')
[2018-07-05 18:02:46,400: INFO/MainProcess] Writing entries...
[2018-07-05 18:02:46,401: ERROR/MainProcess] Database error while sync: OperationalError(2006, 'MySQL server has gone away')
Traceback (most recent call last):
  File "/usr/local/lib/python3.6/site-packages/django/db/backends/mysql/base.py", line 307, in _set_autocommit
    self.connection.autocommit(autocommit)
  File "/usr/local/lib/python3.6/site-packages/MySQLdb/connections.py", line 257, in autocommit
    _mysql.connection.autocommit(self, on)
_mysql_exceptions.OperationalError: (2006, 'MySQL server has gone away')

The above exception was the direct cause of the following exception:

Traceback (most recent call last):
  File "/usr/local/lib/python3.6/site-packages/django_celery_beat/schedulers.py", line 233, in sync
    with transaction.atomic():
  File "/usr/local/lib/python3.6/site-packages/django/db/transaction.py", line 184, in __enter__
    connection.set_autocommit(False, force_begin_transaction_with_broken_autocommit=True)
  File "/usr/local/lib/python3.6/site-packages/django/db/backends/base/base.py", line 411, in set_autocommit
    self._set_autocommit(autocommit)
  File "/usr/local/lib/python3.6/site-packages/django/db/backends/mysql/base.py", line 307, in _set_autocommit
    self.connection.autocommit(autocommit)
  File "/usr/local/lib/python3.6/site-packages/django/db/utils.py", line 94, in __exit__
    six.reraise(dj_exc_type, dj_exc_value, traceback)
  File "/usr/local/lib/python3.6/site-packages/django/utils/six.py", line 685, in reraise
    raise value.with_traceback(tb)
  File "/usr/local/lib/python3.6/site-packages/django/db/backends/mysql/base.py", line 307, in _set_autocommit
    self.connection.autocommit(autocommit)
  File "/usr/local/lib/python3.6/site-packages/MySQLdb/connections.py", line 257, in autocommit
    _mysql.connection.autocommit(self, on)
django.db.utils.OperationalError: (2006, 'MySQL server has gone away')
[2018-07-05 18:02:46,401: INFO/MainProcess] Writing entries...
[2018-07-05 18:02:46,401: ERROR/MainProcess] Database error while sync: OperationalError(2006, 'MySQL server has gone away')
Traceback (most recent call last):
  File "/usr/local/lib/python3.6/site-packages/django/db/backends/mysql/base.py", line 307, in _set_autocommit
    self.connection.autocommit(autocommit)
  File "/usr/local/lib/python3.6/site-packages/MySQLdb/connections.py", line 257, in autocommit
    _mysql.connection.autocommit(self, on)
_mysql_exceptions.OperationalError: (2006, 'MySQL server has gone away')

The above exception was the direct cause of the following exception:

Traceback (most recent call last):
  File "/usr/local/lib/python3.6/site-packages/django_celery_beat/schedulers.py", line 233, in sync
    with transaction.atomic():
  File "/usr/local/lib/python3.6/site-packages/django/db/transaction.py", line 184, in __enter__
    connection.set_autocommit(False, force_begin_transaction_with_broken_autocommit=True)
  File "/usr/local/lib/python3.6/site-packages/django/db/backends/base/base.py", line 411, in set_autocommit
    self._set_autocommit(autocommit)
  File "/usr/local/lib/python3.6/site-packages/django/db/backends/mysql/base.py", line 307, in _set_autocommit
    self.connection.autocommit(autocommit)
  File "/usr/local/lib/python3.6/site-packages/django/db/utils.py", line 94, in __exit__
    six.reraise(dj_exc_type, dj_exc_value, traceback)
  File "/usr/local/lib/python3.6/site-packages/django/utils/six.py", line 685, in reraise
    raise value.with_traceback(tb)
  File "/usr/local/lib/python3.6/site-packages/django/db/backends/mysql/base.py", line 307, in _set_autocommit
    self.connection.autocommit(autocommit)
  File "/usr/local/lib/python3.6/site-packages/MySQLdb/connections.py", line 257, in autocommit
    _mysql.connection.autocommit(self, on)
django.db.utils.OperationalError: (2006, 'MySQL server has gone away')
[2018-07-05 18:02:46,402: INFO/MainProcess] Writing entries...
[2018-07-05 18:02:46,402: ERROR/MainProcess] Database error while sync: OperationalError(2006, 'MySQL server has gone away')
Traceback (most recent call last):
  File "/usr/local/lib/python3.6/site-packages/django/db/backends/mysql/base.py", line 307, in _set_autocommit
    self.connection.autocommit(autocommit)
  File "/usr/local/lib/python3.6/site-packages/MySQLdb/connections.py", line 257, in autocommit
    _mysql.connection.autocommit(self, on)
_mysql_exceptions.OperationalError: (2006, 'MySQL server has gone away')

The above exception was the direct cause of the following exception:

Traceback (most recent call last):
  File "/usr/local/lib/python3.6/site-packages/django_celery_beat/schedulers.py", line 233, in sync
    with transaction.atomic():
  File "/usr/local/lib/python3.6/site-packages/django/db/transaction.py", line 184, in __enter__
    connection.set_autocommit(False, force_begin_transaction_with_broken_autocommit=True)
  File "/usr/local/lib/python3.6/site-packages/django/db/backends/base/base.py", line 411, in set_autocommit
    self._set_autocommit(autocommit)
  File "/usr/local/lib/python3.6/site-packages/django/db/backends/mysql/base.py", line 307, in _set_autocommit
    self.connection.autocommit(autocommit)
  File "/usr/local/lib/python3.6/site-packages/django/db/utils.py", line 94, in __exit__
    six.reraise(dj_exc_type, dj_exc_value, traceback)
  File "/usr/local/lib/python3.6/site-packages/django/utils/six.py", line 685, in reraise
    raise value.with_traceback(tb)
  File "/usr/local/lib/python3.6/site-packages/django/db/backends/mysql/base.py", line 307, in _set_autocommit
    self.connection.autocommit(autocommit)
  File "/usr/local/lib/python3.6/site-packages/MySQLdb/connections.py", line 257, in autocommit
    _mysql.connection.autocommit(self, on)
django.db.utils.OperationalError: (2006, 'MySQL server has gone away')
[2018-07-05 18:02:46,402: INFO/MainProcess] Writing entries...
[2018-07-05 18:02:46,402: ERROR/MainProcess] Database error while sync: OperationalError(2006, 'MySQL server has gone away')
Traceback (most recent call last):
  File "/usr/local/lib/python3.6/site-packages/django/db/backends/mysql/base.py", line 307, in _set_autocommit
    self.connection.autocommit(autocommit)
  File "/usr/local/lib/python3.6/site-packages/MySQLdb/connections.py", line 257, in autocommit
    _mysql.connection.autocommit(self, on)
_mysql_exceptions.OperationalError: (2006, 'MySQL server has gone away')

The above exception was the direct cause of the following exception:

Traceback (most recent call last):
  File "/usr/local/lib/python3.6/site-packages/django_celery_beat/schedulers.py", line 233, in sync
    with transaction.atomic():
  File "/usr/local/lib/python3.6/site-packages/django/db/transaction.py", line 184, in __enter__
    connection.set_autocommit(False, force_begin_transaction_with_broken_autocommit=True)
  File "/usr/local/lib/python3.6/site-packages/django/db/backends/base/base.py", line 411, in set_autocommit
    self._set_autocommit(autocommit)
  File "/usr/local/lib/python3.6/site-packages/django/db/backends/mysql/base.py", line 307, in _set_autocommit
    self.connection.autocommit(autocommit)
  File "/usr/local/lib/python3.6/site-packages/django/db/utils.py", line 94, in __exit__
    six.reraise(dj_exc_type, dj_exc_value, traceback)
  File "/usr/local/lib/python3.6/site-packages/django/utils/six.py", line 685, in reraise
    raise value.with_traceback(tb)
  File "/usr/local/lib/python3.6/site-packages/django/db/backends/mysql/base.py", line 307, in _set_autocommit
    self.connection.autocommit(autocommit)
  File "/usr/local/lib/python3.6/site-packages/MySQLdb/connections.py", line 257, in autocommit
    _mysql.connection.autocommit(self, on)
django.db.utils.OperationalError: (2006, 'MySQL server has gone away')
[2018-07-05 18:02:47,206: INFO/MainProcess] beat: Starting...
[2018-07-05 18:02:47,206: INFO/MainProcess] Writing entries...
[2018-07-05 18:02:52,241: INFO/MainProcess] Writing entries...
[2018-07-05 18:05:52,430: INFO/MainProcess] Writing entries...
[2018-07-05 18:08:52,612: INFO/MainProcess] Writing entries...
[2018-07-05 18:10:56,785: INFO/MainProcess] Writing entries...
[2018-07-05 18:10:56,787: ERROR/MainProcess] Database error while sync: OperationalError(2006, 'MySQL server has gone away')
Traceback (most recent call last):
  File "/usr/local/lib/python3.6/site-packages/django/db/backends/mysql/base.py", line 307, in _set_autocommit
    self.connection.autocommit(autocommit)
  File "/usr/local/lib/python3.6/site-packages/MySQLdb/connections.py", line 257, in autocommit
    _mysql.connection.autocommit(self, on)
_mysql_exceptions.OperationalError: (2006, 'MySQL server has gone away')

The above exception was the direct cause of the following exception:

Traceback (most recent call last):
  File "/usr/local/lib/python3.6/site-packages/django_celery_beat/schedulers.py", line 233, in sync
    with transaction.atomic():
  File "/usr/local/lib/python3.6/site-packages/django/db/transaction.py", line 184, in __enter__
    connection.set_autocommit(False, force_begin_transaction_with_broken_autocommit=True)
  File "/usr/local/lib/python3.6/site-packages/django/db/backends/base/base.py", line 411, in set_autocommit
    self._set_autocommit(autocommit)
  File "/usr/local/lib/python3.6/site-packages/django/db/backends/mysql/base.py", line 307, in _set_autocommit
    self.connection.autocommit(autocommit)
  File "/usr/local/lib/python3.6/site-packages/django/db/utils.py", line 94, in __exit__
    six.reraise(dj_exc_type, dj_exc_value, traceback)
  File "/usr/local/lib/python3.6/site-packages/django/utils/six.py", line 685, in reraise
    raise value.with_traceback(tb)
  File "/usr/local/lib/python3.6/site-packages/django/db/backends/mysql/base.py", line 307, in _set_autocommit
    self.connection.autocommit(autocommit)
  File "/usr/local/lib/python3.6/site-packages/MySQLdb/connections.py", line 257, in autocommit
    _mysql.connection.autocommit(self, on)
django.db.utils.OperationalError: (2006, 'MySQL server has gone away')
[2018-07-05 18:10:56,789: INFO/MainProcess] Writing entries...
[2018-07-05 18:10:56,789: ERROR/MainProcess] Database error while sync: OperationalError(2006, 'MySQL server has gone away')
Traceback (most recent call last):
  File "/usr/local/lib/python3.6/site-packages/django/db/backends/mysql/base.py", line 307, in _set_autocommit
    self.connection.autocommit(autocommit)
  File "/usr/local/lib/python3.6/site-packages/MySQLdb/connections.py", line 257, in autocommit
    _mysql.connection.autocommit(self, on)
_mysql_exceptions.OperationalError: (2006, 'MySQL server has gone away')

The above exception was the direct cause of the following exception:

Traceback (most recent call last):
  File "/usr/local/lib/python3.6/site-packages/django_celery_beat/schedulers.py", line 233, in sync
    with transaction.atomic():
  File "/usr/local/lib/python3.6/site-packages/django/db/transaction.py", line 184, in __enter__
    connection.set_autocommit(False, force_begin_transaction_with_broken_autocommit=True)
  File "/usr/local/lib/python3.6/site-packages/django/db/backends/base/base.py", line 411, in set_autocommit
    self._set_autocommit(autocommit)
  File "/usr/local/lib/python3.6/site-packages/django/db/backends/mysql/base.py", line 307, in _set_autocommit
    self.connection.autocommit(autocommit)
  File "/usr/local/lib/python3.6/site-packages/django/db/utils.py", line 94, in __exit__
    six.reraise(dj_exc_type, dj_exc_value, traceback)
  File "/usr/local/lib/python3.6/site-packages/django/utils/six.py", line 685, in reraise
    raise value.with_traceback(tb)
  File "/usr/local/lib/python3.6/site-packages/django/db/backends/mysql/base.py", line 307, in _set_autocommit
    self.connection.autocommit(autocommit)
  File "/usr/local/lib/python3.6/site-packages/MySQLdb/connections.py", line 257, in autocommit
    _mysql.connection.autocommit(self, on)
django.db.utils.OperationalError: (2006, 'MySQL server has gone away')
[2018-07-05 18:10:56,790: INFO/MainProcess] Writing entries...
[2018-07-05 18:10:56,790: ERROR/MainProcess] Database error while sync: OperationalError(2006, 'MySQL server has gone away')
Traceback (most recent call last):
  File "/usr/local/lib/python3.6/site-packages/django/db/backends/mysql/base.py", line 307, in _set_autocommit
    self.connection.autocommit(autocommit)
  File "/usr/local/lib/python3.6/site-packages/MySQLdb/connections.py", line 257, in autocommit
    _mysql.connection.autocommit(self, on)
_mysql_exceptions.OperationalError: (2006, 'MySQL server has gone away')

The above exception was the direct cause of the following exception:

Traceback (most recent call last):
  File "/usr/local/lib/python3.6/site-packages/django_celery_beat/schedulers.py", line 233, in sync
    with transaction.atomic():
  File "/usr/local/lib/python3.6/site-packages/django/db/transaction.py", line 184, in __enter__
    connection.set_autocommit(False, force_begin_transaction_with_broken_autocommit=True)
  File "/usr/local/lib/python3.6/site-packages/django/db/backends/base/base.py", line 411, in set_autocommit
    self._set_autocommit(autocommit)
  File "/usr/local/lib/python3.6/site-packages/django/db/backends/mysql/base.py", line 307, in _set_autocommit
    self.connection.autocommit(autocommit)
  File "/usr/local/lib/python3.6/site-packages/django/db/utils.py", line 94, in __exit__
    six.reraise(dj_exc_type, dj_exc_value, traceback)
  File "/usr/local/lib/python3.6/site-packages/django/utils/six.py", line 685, in reraise
    raise value.with_traceback(tb)
  File "/usr/local/lib/python3.6/site-packages/django/db/backends/mysql/base.py", line 307, in _set_autocommit
    self.connection.autocommit(autocommit)
  File "/usr/local/lib/python3.6/site-packages/MySQLdb/connections.py", line 257, in autocommit
    _mysql.connection.autocommit(self, on)
django.db.utils.OperationalError: (2006, 'MySQL server has gone away')
[2018-07-05 18:10:56,790: INFO/MainProcess] Writing entries...
[2018-07-05 18:10:56,790: ERROR/MainProcess] Database error while sync: OperationalError(2006, 'MySQL server has gone away')
Traceback (most recent call last):
  File "/usr/local/lib/python3.6/site-packages/django/db/backends/mysql/base.py", line 307, in _set_autocommit
    self.connection.autocommit(autocommit)
  File "/usr/local/lib/python3.6/site-packages/MySQLdb/connections.py", line 257, in autocommit
    _mysql.connection.autocommit(self, on)
_mysql_exceptions.OperationalError: (2006, 'MySQL server has gone away')

The above exception was the direct cause of the following exception:

Traceback (most recent call last):
  File "/usr/local/lib/python3.6/site-packages/django_celery_beat/schedulers.py", line 233, in sync
    with transaction.atomic():
  File "/usr/local/lib/python3.6/site-packages/django/db/transaction.py", line 184, in __enter__
    connection.set_autocommit(False, force_begin_transaction_with_broken_autocommit=True)
  File "/usr/local/lib/python3.6/site-packages/django/db/backends/base/base.py", line 411, in set_autocommit
    self._set_autocommit(autocommit)
  File "/usr/local/lib/python3.6/site-packages/django/db/backends/mysql/base.py", line 307, in _set_autocommit
    self.connection.autocommit(autocommit)
  File "/usr/local/lib/python3.6/site-packages/django/db/utils.py", line 94, in __exit__
    six.reraise(dj_exc_type, dj_exc_value, traceback)
  File "/usr/local/lib/python3.6/site-packages/django/utils/six.py", line 685, in reraise
    raise value.with_traceback(tb)
  File "/usr/local/lib/python3.6/site-packages/django/db/backends/mysql/base.py", line 307, in _set_autocommit
    self.connection.autocommit(autocommit)
  File "/usr/local/lib/python3.6/site-packages/MySQLdb/connections.py", line 257, in autocommit
    _mysql.connection.autocommit(self, on)
django.db.utils.OperationalError: (2006, 'MySQL server has gone away')
[2018-07-05 18:10:57,604: INFO/MainProcess] beat: Starting...
[2018-07-05 18:10:57,604: INFO/MainProcess] Writing entries...
[2018-07-05 18:11:02,640: INFO/MainProcess] Writing entries...
[2018-07-05 18:14:02,832: INFO/MainProcess] Writing entries...
[2018-07-05 18:17:03,015: INFO/MainProcess] Writing entries...
[2018-07-05 18:20:03,204: INFO/MainProcess] Writing entries...
[2018-07-05 18:23:03,387: INFO/MainProcess] Writing entries...
[2018-07-05 18:26:03,575: INFO/MainProcess] Writing entries...
[2018-07-05 18:29:03,765: INFO/MainProcess] Writing entries...
[2018-07-05 18:32:03,950: INFO/MainProcess] Writing entries...
[2018-07-05 18:35:04,140: INFO/MainProcess] Writing entries...
[2018-07-05 18:38:04,327: INFO/MainProcess] Writing entries...
[2018-07-05 18:41:04,516: INFO/MainProcess] Writing entries...
[2018-07-05 18:44:04,707: INFO/MainProcess] Writing entries...
[2018-07-05 18:47:04,893: INFO/MainProcess] Writing entries...
[2018-07-05 18:50:05,080: INFO/MainProcess] Writing entries...
[2018-07-05 18:53:05,271: INFO/MainProcess] Writing entries...
[2018-07-05 18:56:05,461: INFO/MainProcess] Writing entries...
[2018-07-05 18:59:05,644: INFO/MainProcess] Writing entries...
[2018-07-05 19:02:05,836: INFO/MainProcess] Writing entries...
[2018-07-05 19:05:06,027: INFO/MainProcess] Writing entries...
[2018-07-05 19:08:06,216: INFO/MainProcess] Writing entries...
[2018-07-05 19:11:06,403: INFO/MainProcess] Writing entries...
[2018-07-05 19:14:06,583: INFO/MainProcess] Writing entries...
[2018-07-05 19:17:06,761: INFO/MainProcess] Writing entries...
[2018-07-05 19:20:06,951: INFO/MainProcess] Writing entries...
[2018-07-05 19:23:07,142: INFO/MainProcess] Writing entries...
[2018-07-05 19:26:07,334: INFO/MainProcess] Writing entries...
[2018-07-05 19:29:07,520: INFO/MainProcess] Writing entries...
[2018-07-05 19:32:07,711: INFO/MainProcess] Writing entries...
[2018-07-05 19:35:07,894: INFO/MainProcess] Writing entries...
[2018-07-05 19:38:08,083: INFO/MainProcess] Writing entries...
[2018-07-05 19:41:08,272: INFO/MainProcess] Writing entries...
[2018-07-05 19:44:08,456: INFO/MainProcess] Writing entries...
[2018-07-05 19:47:08,644: INFO/MainProcess] Writing entries...
[2018-07-05 19:50:08,835: INFO/MainProcess] Writing entries...
[2018-07-05 19:53:09,015: INFO/MainProcess] Writing entries...
[2018-07-05 19:56:09,194: INFO/MainProcess] Writing entries...
[2018-07-05 19:59:09,383: INFO/MainProcess] Writing entries...
[2018-07-05 20:02:09,561: INFO/MainProcess] Writing entries...
[2018-07-05 20:05:09,747: INFO/MainProcess] Writing entries...
[2018-07-05 20:08:09,920: INFO/MainProcess] Writing entries...
[2018-07-05 20:11:10,085: INFO/MainProcess] Writing entries...
[2018-07-05 20:14:10,241: INFO/MainProcess] Writing entries...
[2018-07-05 20:17:10,431: INFO/MainProcess] Writing entries...
[2018-07-05 20:20:10,579: INFO/MainProcess] Writing entries...
[2018-07-05 20:23:10,756: INFO/MainProcess] Writing entries...
[2018-07-05 20:26:10,934: INFO/MainProcess] Writing entries...
[2018-07-05 20:29:11,117: INFO/MainProcess] Writing entries...
[2018-07-05 20:32:11,298: INFO/MainProcess] Writing entries...
[2018-07-05 20:35:11,469: INFO/MainProcess] Writing entries...
[2018-07-05 20:38:11,639: INFO/MainProcess] Writing entries...
[2018-07-05 20:41:11,816: INFO/MainProcess] Writing entries...
[2018-07-05 20:44:11,988: INFO/MainProcess] Writing entries...
[2018-07-05 20:47:12,174: INFO/MainProcess] Writing entries...
[2018-07-05 20:50:12,355: INFO/MainProcess] Writing entries...
[2018-07-05 20:53:12,544: INFO/MainProcess] Writing entries...
[2018-07-05 20:56:12,729: INFO/MainProcess] Writing entries...
[2018-07-05 20:59:12,915: INFO/MainProcess] Writing entries...
[2018-07-05 21:02:13,104: INFO/MainProcess] Writing entries...
[2018-07-05 21:05:13,295: INFO/MainProcess] Writing entries...
[2018-07-05 21:08:13,483: INFO/MainProcess] Writing entries...
[2018-07-05 21:11:13,667: INFO/MainProcess] Writing entries...
[2018-07-05 21:14:13,858: INFO/MainProcess] Writing entries...
[2018-07-05 21:17:14,040: INFO/MainProcess] Writing entries...
[2018-07-05 21:20:14,231: INFO/MainProcess] Writing entries...
[2018-07-05 21:23:14,422: INFO/MainProcess] Writing entries...
[2018-07-05 21:26:14,608: INFO/MainProcess] Writing entries...
[2018-07-05 21:29:14,793: INFO/MainProcess] Writing entries...
[2018-07-05 21:32:14,975: INFO/MainProcess] Writing entries...
[2018-07-05 21:35:15,166: INFO/MainProcess] Writing entries...
[2018-07-05 21:38:15,355: INFO/MainProcess] Writing entries...
[2018-07-05 21:41:15,541: INFO/MainProcess] Writing entries...
[2018-07-05 21:44:15,733: INFO/MainProcess] Writing entries...
[2018-07-05 21:47:15,924: INFO/MainProcess] Writing entries...
[2018-07-05 21:50:16,106: INFO/MainProcess] Writing entries...
[2018-07-05 21:53:16,286: INFO/MainProcess] Writing entries...
[2018-07-05 21:56:16,478: INFO/MainProcess] Writing entries...
[2018-07-05 21:59:16,665: INFO/MainProcess] Writing entries...
[2018-07-05 22:02:16,847: INFO/MainProcess] Writing entries...
[2018-07-05 22:05:17,037: INFO/MainProcess] Writing entries...
[2018-07-05 22:08:17,224: INFO/MainProcess] Writing entries...
[2018-07-05 22:11:17,415: INFO/MainProcess] Writing entries...
[2018-07-05 22:14:17,595: INFO/MainProcess] Writing entries...
[2018-07-05 22:17:17,754: INFO/MainProcess] Writing entries...
[2018-07-05 22:20:17,912: INFO/MainProcess] Writing entries...
[2018-07-05 22:23:18,089: INFO/MainProcess] Writing entries...
[2018-07-05 22:26:18,276: INFO/MainProcess] Writing entries...
[2018-07-05 22:29:18,463: INFO/MainProcess] Writing entries...
[2018-07-05 22:32:18,653: INFO/MainProcess] Writing entries...
[2018-07-05 22:35:18,845: INFO/MainProcess] Writing entries...
[2018-07-05 22:38:19,034: INFO/MainProcess] Writing entries...
[2018-07-05 22:41:19,223: INFO/MainProcess] Writing entries...
[2018-07-05 22:44:19,407: INFO/MainProcess] Writing entries...
[2018-07-05 22:47:19,597: INFO/MainProcess] Writing entries...
[2018-07-05 22:50:19,787: INFO/MainProcess] Writing entries...
[2018-07-05 22:53:19,976: INFO/MainProcess] Writing entries...
[2018-07-05 22:56:20,167: INFO/MainProcess] Writing entries...
[2018-07-05 22:59:20,357: INFO/MainProcess] Writing entries...
[2018-07-05 23:02:20,544: INFO/MainProcess] Writing entries...
[2018-07-05 23:05:20,729: INFO/MainProcess] Writing entries...
[2018-07-05 23:08:20,917: INFO/MainProcess] Writing entries...
[2018-07-05 23:11:21,104: INFO/MainProcess] Writing entries...
[2018-07-05 23:14:21,291: INFO/MainProcess] Writing entries...
[2018-07-05 23:17:21,463: INFO/MainProcess] Writing entries...
[2018-07-05 23:20:21,651: INFO/MainProcess] Writing entries...
[2018-07-05 23:23:21,836: INFO/MainProcess] Writing entries...
[2018-07-05 23:26:22,015: INFO/MainProcess] Writing entries...
[2018-07-05 23:29:22,198: INFO/MainProcess] Writing entries...
[2018-07-05 23:32:22,379: INFO/MainProcess] Writing entries...
[2018-07-05 23:35:22,564: INFO/MainProcess] Writing entries...
[2018-07-05 23:38:22,739: INFO/MainProcess] Writing entries...
[2018-07-05 23:41:22,916: INFO/MainProcess] Writing entries...
[2018-07-05 23:44:23,069: INFO/MainProcess] Writing entries...
[2018-07-05 23:47:23,251: INFO/MainProcess] Writing entries...
[2018-07-05 23:50:23,433: INFO/MainProcess] Writing entries...
[2018-07-05 23:53:23,609: INFO/MainProcess] Writing entries...
[2018-07-05 23:56:23,787: INFO/MainProcess] Writing entries...
[2018-07-05 23:59:23,970: INFO/MainProcess] Writing entries...
[2018-07-06 00:02:24,124: INFO/MainProcess] Writing entries...
[2018-07-06 00:05:24,292: INFO/MainProcess] Writing entries...
[2018-07-06 00:08:24,454: INFO/MainProcess] Writing entries...
[2018-07-06 00:11:24,612: INFO/MainProcess] Writing entries...
[2018-07-06 00:14:24,767: INFO/MainProcess] Writing entries...
[2018-07-06 00:17:24,916: INFO/MainProcess] Writing entries...
[2018-07-06 00:20:25,063: INFO/MainProcess] Writing entries...
[2018-07-06 00:23:25,236: INFO/MainProcess] Writing entries...
[2018-07-06 00:26:25,416: INFO/MainProcess] Writing entries...
[2018-07-06 00:29:25,605: INFO/MainProcess] Writing entries...
[2018-07-06 00:32:25,779: INFO/MainProcess] Writing entries...
[2018-07-06 00:35:25,965: INFO/MainProcess] Writing entries...
[2018-07-06 00:38:26,144: INFO/MainProcess] Writing entries...
[2018-07-06 00:41:26,335: INFO/MainProcess] Writing entries...
[2018-07-06 00:44:26,525: INFO/MainProcess] Writing entries...
[2018-07-06 00:47:26,702: INFO/MainProcess] Writing entries...
[2018-07-06 00:50:26,884: INFO/MainProcess] Writing entries...
[2018-07-06 00:53:27,076: INFO/MainProcess] Writing entries...
[2018-07-06 00:56:27,262: INFO/MainProcess] Writing entries...
[2018-07-06 00:59:27,443: INFO/MainProcess] Writing entries...
[2018-07-06 01:02:27,636: INFO/MainProcess] Writing entries...
[2018-07-06 01:05:27,827: INFO/MainProcess] Writing entries...
[2018-07-06 01:08:28,014: INFO/MainProcess] Writing entries...
[2018-07-06 01:11:28,206: INFO/MainProcess] Writing entries...
[2018-07-06 01:14:28,388: INFO/MainProcess] Writing entries...
[2018-07-06 01:17:28,561: INFO/MainProcess] Writing entries...
[2018-07-06 01:20:28,753: INFO/MainProcess] Writing entries...
[2018-07-06 01:23:28,935: INFO/MainProcess] Writing entries...
[2018-07-06 01:26:29,119: INFO/MainProcess] Writing entries...
[2018-07-06 01:29:29,309: INFO/MainProcess] Writing entries...
[2018-07-06 01:32:29,501: INFO/MainProcess] Writing entries...
[2018-07-06 01:35:29,682: INFO/MainProcess] Writing entries...
[2018-07-06 01:38:29,869: INFO/MainProcess] Writing entries...
[2018-07-06 01:41:30,047: INFO/MainProcess] Writing entries...
[2018-07-06 01:44:30,235: INFO/MainProcess] Writing entries...
[2018-07-06 01:47:30,415: INFO/MainProcess] Writing entries...
[2018-07-06 01:50:30,604: INFO/MainProcess] Writing entries...
[2018-07-06 01:53:30,795: INFO/MainProcess] Writing entries...
[2018-07-06 01:56:30,982: INFO/MainProcess] Writing entries...
[2018-07-06 01:59:31,174: INFO/MainProcess] Writing entries...
[2018-07-06 02:02:31,362: INFO/MainProcess] Writing entries...
[2018-07-06 02:05:31,551: INFO/MainProcess] Writing entries...
[2018-07-06 02:08:31,742: INFO/MainProcess] Writing entries...
[2018-07-06 02:11:31,930: INFO/MainProcess] Writing entries...
[2018-07-06 02:14:32,119: INFO/MainProcess] Writing entries...
[2018-07-06 02:17:32,301: INFO/MainProcess] Writing entries...
[2018-07-06 02:20:32,485: INFO/MainProcess] Writing entries...
[2018-07-06 02:23:32,677: INFO/MainProcess] Writing entries...
[2018-07-06 02:26:32,856: INFO/MainProcess] Writing entries...
[2018-07-06 02:29:33,035: INFO/MainProcess] Writing entries...
[2018-07-06 02:32:33,227: INFO/MainProcess] Writing entries...
[2018-07-06 02:35:33,411: INFO/MainProcess] Writing entries...
[2018-07-06 02:38:33,593: INFO/MainProcess] Writing entries...
[2018-07-06 02:41:33,764: INFO/MainProcess] Writing entries...
[2018-07-06 02:44:33,955: INFO/MainProcess] Writing entries...
[2018-07-06 02:47:34,132: INFO/MainProcess] Writing entries...
[2018-07-06 02:50:34,311: INFO/MainProcess] Writing entries...
[2018-07-06 02:53:34,494: INFO/MainProcess] Writing entries...
[2018-07-06 02:56:34,679: INFO/MainProcess] Writing entries...
[2018-07-06 02:59:34,869: INFO/MainProcess] Writing entries...
[2018-07-06 03:02:35,056: INFO/MainProcess] Writing entries...
[2018-07-06 03:05:35,248: INFO/MainProcess] Writing entries...
[2018-07-06 03:08:35,435: INFO/MainProcess] Writing entries...
[2018-07-06 03:11:35,627: INFO/MainProcess] Writing entries...
[2018-07-06 03:14:35,793: INFO/MainProcess] Writing entries...
[2018-07-06 03:17:35,957: INFO/MainProcess] Writing entries...
[2018-07-06 03:20:36,140: INFO/MainProcess] Writing entries...
[2018-07-06 03:23:36,328: INFO/MainProcess] Writing entries...
[2018-07-06 03:26:36,508: INFO/MainProcess] Writing entries...
[2018-07-06 03:29:36,693: INFO/MainProcess] Writing entries...
[2018-07-06 03:32:36,885: INFO/MainProcess] Writing entries...
[2018-07-06 03:35:37,065: INFO/MainProcess] Writing entries...
[2018-07-06 03:38:37,251: INFO/MainProcess] Writing entries...
[2018-07-06 03:41:37,443: INFO/MainProcess] Writing entries...
[2018-07-06 03:44:37,623: INFO/MainProcess] Writing entries...
[2018-07-06 03:47:37,809: INFO/MainProcess] Writing entries...
[2018-07-06 03:50:37,988: INFO/MainProcess] Writing entries...
[2018-07-06 03:53:38,172: INFO/MainProcess] Writing entries...
[2018-07-06 03:56:38,339: INFO/MainProcess] Writing entries...
[2018-07-06 03:59:38,526: INFO/MainProcess] Writing entries...
[2018-07-06 04:02:38,717: INFO/MainProcess] Writing entries...
[2018-07-06 04:05:38,906: INFO/MainProcess] Writing entries...
[2018-07-06 04:08:39,084: INFO/MainProcess] Writing entries...
[2018-07-06 04:11:39,267: INFO/MainProcess] Writing entries...
[2018-07-06 04:14:39,456: INFO/MainProcess] Writing entries...
[2018-07-06 04:17:39,639: INFO/MainProcess] Writing entries...
[2018-07-06 04:20:39,825: INFO/MainProcess] Writing entries...
[2018-07-06 04:23:40,005: INFO/MainProcess] Writing entries...
[2018-07-06 04:26:40,186: INFO/MainProcess] Writing entries...
[2018-07-06 04:29:40,373: INFO/MainProcess] Writing entries...
[2018-07-06 04:32:40,562: INFO/MainProcess] Writing entries...
[2018-07-06 04:35:40,753: INFO/MainProcess] Writing entries...
[2018-07-06 04:38:40,945: INFO/MainProcess] Writing entries...
[2018-07-06 04:41:41,125: INFO/MainProcess] Writing entries...
[2018-07-06 04:44:41,313: INFO/MainProcess] Writing entries...
[2018-07-06 04:47:41,504: INFO/MainProcess] Writing entries...
[2018-07-06 04:50:41,691: INFO/MainProcess] Writing entries...
[2018-07-06 04:53:41,878: INFO/MainProcess] Writing entries...
[2018-07-06 04:56:42,065: INFO/MainProcess] Writing entries...
[2018-07-06 04:59:42,252: INFO/MainProcess] Writing entries...
[2018-07-06 05:02:42,443: INFO/MainProcess] Writing entries...
[2018-07-06 05:05:42,630: INFO/MainProcess] Writing entries...
[2018-07-06 05:08:42,814: INFO/MainProcess] Writing entries...
[2018-07-06 05:11:42,999: INFO/MainProcess] Writing entries...
[2018-07-06 05:14:43,190: INFO/MainProcess] Writing entries...
[2018-07-06 05:17:43,357: INFO/MainProcess] Writing entries...
[2018-07-06 05:20:43,514: INFO/MainProcess] Writing entries...
[2018-07-06 05:23:43,692: INFO/MainProcess] Writing entries...
[2018-07-06 05:26:43,883: INFO/MainProcess] Writing entries...
[2018-07-06 05:29:44,064: INFO/MainProcess] Writing entries...
[2018-07-06 05:32:44,251: INFO/MainProcess] Writing entries...
[2018-07-06 05:35:44,439: INFO/MainProcess] Writing entries...
[2018-07-06 05:38:44,616: INFO/MainProcess] Writing entries...
[2018-07-06 05:41:44,802: INFO/MainProcess] Writing entries...
[2018-07-06 05:44:44,994: INFO/MainProcess] Writing entries...
[2018-07-06 05:47:45,180: INFO/MainProcess] Writing entries...
[2018-07-06 05:50:45,358: INFO/MainProcess] Writing entries...
[2018-07-06 05:53:45,545: INFO/MainProcess] Writing entries...
[2018-07-06 05:56:45,716: INFO/MainProcess] Writing entries...
[2018-07-06 05:59:45,908: INFO/MainProcess] Writing entries...
[2018-07-06 06:02:46,099: INFO/MainProcess] Writing entries...
[2018-07-06 06:05:46,279: INFO/MainProcess] Writing entries...
[2018-07-06 06:08:46,463: INFO/MainProcess] Writing entries...
[2018-07-06 06:11:46,655: INFO/MainProcess] Writing entries...
[2018-07-06 06:14:46,838: INFO/MainProcess] Writing entries...
[2018-07-06 06:17:47,021: INFO/MainProcess] Writing entries...
[2018-07-06 06:20:47,213: INFO/MainProcess] Writing entries...
[2018-07-06 06:23:47,401: INFO/MainProcess] Writing entries...
[2018-07-06 06:26:47,584: INFO/MainProcess] Writing entries...
[2018-07-06 06:29:47,775: INFO/MainProcess] Writing entries...
[2018-07-06 06:32:47,957: INFO/MainProcess] Writing entries...
[2018-07-06 06:35:48,146: INFO/MainProcess] Writing entries...
[2018-07-06 06:38:48,336: INFO/MainProcess] Writing entries...
[2018-07-06 06:41:48,522: INFO/MainProcess] Writing entries...
[2018-07-06 06:44:48,711: INFO/MainProcess] Writing entries...
[2018-07-06 06:47:48,903: INFO/MainProcess] Writing entries...
[2018-07-06 06:50:49,093: INFO/MainProcess] Writing entries...
[2018-07-06 06:53:49,278: INFO/MainProcess] Writing entries...
[2018-07-06 06:56:49,470: INFO/MainProcess] Writing entries...
[2018-07-06 06:59:49,660: INFO/MainProcess] Writing entries...
[2018-07-06 07:02:49,841: INFO/MainProcess] Writing entries...
[2018-07-06 07:05:50,026: INFO/MainProcess] Writing entries...
[2018-07-06 07:08:50,215: INFO/MainProcess] Writing entries...
[2018-07-06 07:11:50,387: INFO/MainProcess] Writing entries...
[2018-07-06 07:14:50,572: INFO/MainProcess] Writing entries...
[2018-07-06 07:17:50,763: INFO/MainProcess] Writing entries...
[2018-07-06 07:20:50,953: INFO/MainProcess] Writing entries...
[2018-07-06 07:23:51,143: INFO/MainProcess] Writing entries...
[2018-07-06 07:26:51,330: INFO/MainProcess] Writing entries...
[2018-07-06 07:29:51,503: INFO/MainProcess] Writing entries...
[2018-07-06 07:32:51,683: INFO/MainProcess] Writing entries...
[2018-07-06 07:35:51,863: INFO/MainProcess] Writing entries...
[2018-07-06 07:38:52,030: INFO/MainProcess] Writing entries...
[2018-07-06 07:41:52,212: INFO/MainProcess] Writing entries...
[2018-07-06 07:44:52,389: INFO/MainProcess] Writing entries...
[2018-07-06 07:47:52,564: INFO/MainProcess] Writing entries...
[2018-07-06 07:50:52,755: INFO/MainProcess] Writing entries...
[2018-07-06 07:53:52,929: INFO/MainProcess] Writing entries...
[2018-07-06 07:56:53,097: INFO/MainProcess] Writing entries...
[2018-07-06 07:59:53,284: INFO/MainProcess] Writing entries...
[2018-07-06 08:02:53,466: INFO/MainProcess] Writing entries...
[2018-07-06 08:05:53,655: INFO/MainProcess] Writing entries...
[2018-07-06 08:08:53,838: INFO/MainProcess] Writing entries...
[2018-07-06 08:11:54,025: INFO/MainProcess] Writing entries...
[2018-07-06 08:14:54,198: INFO/MainProcess] Writing entries...
[2018-07-06 08:17:54,387: INFO/MainProcess] Writing entries...
[2018-07-06 08:20:54,565: INFO/MainProcess] Writing entries...
[2018-07-06 08:23:54,756: INFO/MainProcess] Writing entries...
[2018-07-06 08:26:54,936: INFO/MainProcess] Writing entries...
[2018-07-06 08:29:55,125: INFO/MainProcess] Writing entries...
[2018-07-06 08:32:55,285: INFO/MainProcess] Writing entries...
[2018-07-06 08:35:55,470: INFO/MainProcess] Writing entries...
[2018-07-06 08:38:55,654: INFO/MainProcess] Writing entries...
[2018-07-06 08:41:55,846: INFO/MainProcess] Writing entries...
[2018-07-06 08:44:56,029: INFO/MainProcess] Writing entries...
[2018-07-06 08:47:56,213: INFO/MainProcess] Writing entries...
[2018-07-06 08:50:56,398: INFO/MainProcess] Writing entries...
[2018-07-06 08:53:56,583: INFO/MainProcess] Writing entries...
[2018-07-06 08:56:56,770: INFO/MainProcess] Writing entries...
[2018-07-06 08:59:56,958: INFO/MainProcess] Writing entries...
[2018-07-06 09:02:57,146: INFO/MainProcess] Writing entries...
[2018-07-06 09:05:57,330: INFO/MainProcess] Writing entries...
[2018-07-06 09:08:57,516: INFO/MainProcess] Writing entries...
[2018-07-06 09:11:57,695: INFO/MainProcess] Writing entries...
[2018-07-06 09:14:57,887: INFO/MainProcess] Writing entries...
[2018-07-06 09:17:58,078: INFO/MainProcess] Writing entries...
[2018-07-06 09:20:58,261: INFO/MainProcess] Writing entries...
[2018-07-06 09:23:58,441: INFO/MainProcess] Writing entries...
[2018-07-06 09:26:58,622: INFO/MainProcess] Writing entries...
[2018-07-06 09:29:58,811: INFO/MainProcess] Writing entries...
[2018-07-06 09:32:58,999: INFO/MainProcess] Writing entries...
[2018-07-06 09:35:59,188: INFO/MainProcess] Writing entries...
[2018-07-06 09:38:59,378: INFO/MainProcess] Writing entries...
[2018-07-06 09:41:59,563: INFO/MainProcess] Writing entries...
[2018-07-06 09:44:59,754: INFO/MainProcess] Writing entries...
[2018-07-06 09:47:59,945: INFO/MainProcess] Writing entries...
[2018-07-06 09:51:00,122: INFO/MainProcess] Writing entries...
[2018-07-06 09:54:00,304: INFO/MainProcess] Writing entries...
[2018-07-06 09:57:00,478: INFO/MainProcess] Writing entries...
[2018-07-06 10:00:00,660: INFO/MainProcess] Writing entries...
[2018-07-06 10:03:00,848: INFO/MainProcess] Writing entries...
[2018-07-06 10:06:01,038: INFO/MainProcess] Writing entries...
[2018-07-06 10:09:01,218: INFO/MainProcess] Writing entries...
[2018-07-06 10:12:01,398: INFO/MainProcess] Writing entries...
[2018-07-06 10:15:01,578: INFO/MainProcess] Writing entries...
[2018-07-06 10:18:01,764: INFO/MainProcess] Writing entries...
[2018-07-06 10:21:01,950: INFO/MainProcess] Writing entries...
[2018-07-06 10:24:02,136: INFO/MainProcess] Writing entries...
[2018-07-06 10:27:02,320: INFO/MainProcess] Writing entries...
[2018-07-06 10:30:02,508: INFO/MainProcess] Writing entries...
[2018-07-06 10:33:02,694: INFO/MainProcess] Writing entries...
[2018-07-06 10:36:02,878: INFO/MainProcess] Writing entries...
[2018-07-06 10:39:03,066: INFO/MainProcess] Writing entries...
[2018-07-06 10:42:03,255: INFO/MainProcess] Writing entries...
[2018-07-06 10:45:03,441: INFO/MainProcess] Writing entries...
[2018-07-06 10:48:03,625: INFO/MainProcess] Writing entries...
[2018-07-06 10:51:03,815: INFO/MainProcess] Writing entries...
[2018-07-06 10:54:04,000: INFO/MainProcess] Writing entries...
[2018-07-06 10:57:04,184: INFO/MainProcess] Writing entries...
[2018-07-06 11:00:04,362: INFO/MainProcess] Writing entries...
[2018-07-06 11:03:04,550: INFO/MainProcess] Writing entries...
[2018-07-06 11:06:04,718: INFO/MainProcess] Writing entries...
[2018-07-06 11:09:04,907: INFO/MainProcess] Writing entries...
[2018-07-06 11:12:05,097: INFO/MainProcess] Writing entries...
[2018-07-06 11:15:05,286: INFO/MainProcess] Writing entries...
[2018-07-06 11:18:05,473: INFO/MainProcess] Writing entries...
[2018-07-06 11:21:05,664: INFO/MainProcess] Writing entries...
[2018-07-06 11:24:05,854: INFO/MainProcess] Writing entries...
[2018-07-06 11:27:06,034: INFO/MainProcess] Writing entries...
[2018-07-06 11:30:06,223: INFO/MainProcess] Writing entries...
[2018-07-06 11:33:06,406: INFO/MainProcess] Writing entries...
[2018-07-06 11:36:06,591: INFO/MainProcess] Writing entries...
[2018-07-06 11:39:06,770: INFO/MainProcess] Writing entries...
[2018-07-06 11:42:06,938: INFO/MainProcess] Writing entries...
[2018-07-06 11:45:07,122: INFO/MainProcess] Writing entries...
[2018-07-06 11:48:07,301: INFO/MainProcess] Writing entries...
[2018-07-06 11:51:07,459: INFO/MainProcess] Writing entries...
[2018-07-06 11:54:07,624: INFO/MainProcess] Writing entries...
[2018-07-06 11:57:07,795: INFO/MainProcess] Writing entries...
[2018-07-06 12:00:00,009: INFO/MainProcess] Scheduler: Sending due task celery.backend_cleanup (celery.backend_cleanup)
[2018-07-06 12:00:10,031: INFO/MainProcess] Writing entries...
[2018-07-06 12:03:10,213: INFO/MainProcess] Writing entries...
[2018-07-06 12:06:10,388: INFO/MainProcess] Writing entries...
[2018-07-06 12:09:10,566: INFO/MainProcess] Writing entries...
[2018-07-06 12:12:10,739: INFO/MainProcess] Writing entries...
[2018-07-06 12:15:10,917: INFO/MainProcess] Writing entries...
[2018-07-06 12:18:11,086: INFO/MainProcess] Writing entries...
[2018-07-06 12:21:11,239: INFO/MainProcess] Writing entries...
[2018-07-06 12:24:11,422: INFO/MainProcess] Writing entries...
[2018-07-06 12:27:11,601: INFO/MainProcess] Writing entries...
[2018-07-06 12:30:11,791: INFO/MainProcess] Writing entries...
[2018-07-06 12:33:11,955: INFO/MainProcess] Writing entries...
[2018-07-06 12:36:12,129: INFO/MainProcess] Writing entries...
[2018-07-06 12:39:12,285: INFO/MainProcess] Writing entries...
[2018-07-06 12:42:12,453: INFO/MainProcess] Writing entries...
[2018-07-06 12:45:12,631: INFO/MainProcess] Writing entries...
[2018-07-06 12:48:12,806: INFO/MainProcess] Writing entries...
[2018-07-06 12:51:12,976: INFO/MainProcess] Writing entries...
[2018-07-06 12:54:13,163: INFO/MainProcess] Writing entries...
[2018-07-06 12:57:13,348: INFO/MainProcess] Writing entries...
[2018-07-06 13:00:13,524: INFO/MainProcess] Writing entries...
[2018-07-06 13:03:13,707: INFO/MainProcess] Writing entries...
[2018-07-06 13:06:13,885: INFO/MainProcess] Writing entries...
[2018-07-06 13:09:14,058: INFO/MainProcess] Writing entries...
[2018-07-06 13:12:14,237: INFO/MainProcess] Writing entries...
[2018-07-06 13:15:14,416: INFO/MainProcess] Writing entries...
[2018-07-06 13:18:14,585: INFO/MainProcess] Writing entries...
[2018-07-06 13:21:14,764: INFO/MainProcess] Writing entries...
[2018-07-06 13:24:14,934: INFO/MainProcess] Writing entries...
[2018-07-06 13:27:15,113: INFO/MainProcess] Writing entries...
[2018-07-06 13:30:15,286: INFO/MainProcess] Writing entries...
[2018-07-06 13:33:15,448: INFO/MainProcess] Writing entries...
[2018-07-06 13:36:15,616: INFO/MainProcess] Writing entries...
[2018-07-06 13:39:15,790: INFO/MainProcess] Writing entries...
[2018-07-06 13:42:15,953: INFO/MainProcess] Writing entries...
[2018-07-06 13:45:16,132: INFO/MainProcess] Writing entries...
[2018-07-06 13:48:16,318: INFO/MainProcess] Writing entries...
[2018-07-06 13:51:16,509: INFO/MainProcess] Writing entries...
[2018-07-06 13:54:16,691: INFO/MainProcess] Writing entries...
[2018-07-06 13:57:16,875: INFO/MainProcess] Writing entries...
[2018-07-06 14:00:17,060: INFO/MainProcess] Writing entries...
[2018-07-06 14:03:17,249: INFO/MainProcess] Writing entries...
[2018-07-06 14:06:17,430: INFO/MainProcess] Writing entries...
[2018-07-06 14:09:17,611: INFO/MainProcess] Writing entries...
[2018-07-06 14:12:17,800: INFO/MainProcess] Writing entries...
[2018-07-06 14:15:17,977: INFO/MainProcess] Writing entries...
[2018-07-06 14:18:18,163: INFO/MainProcess] Writing entries...
[2018-07-06 14:21:18,328: INFO/MainProcess] Writing entries...
[2018-07-06 14:24:18,490: INFO/MainProcess] Writing entries...
[2018-07-06 14:27:18,654: INFO/MainProcess] Writing entries...
[2018-07-06 14:30:18,833: INFO/MainProcess] Writing entries...
[2018-07-06 14:33:19,007: INFO/MainProcess] Writing entries...
[2018-07-06 14:36:19,191: INFO/MainProcess] Writing entries...
[2018-07-06 14:39:19,373: INFO/MainProcess] Writing entries...
[2018-07-06 14:42:19,559: INFO/MainProcess] Writing entries...
[2018-07-06 14:45:19,746: INFO/MainProcess] Writing entries...
[2018-07-06 14:48:19,929: INFO/MainProcess] Writing entries...
[2018-07-06 14:51:20,114: INFO/MainProcess] Writing entries...
[2018-07-06 14:54:20,304: INFO/MainProcess] Writing entries...
[2018-07-06 14:57:20,494: INFO/MainProcess] Writing entries...
[2018-07-06 15:00:20,674: INFO/MainProcess] Writing entries...
[2018-07-06 15:03:20,859: INFO/MainProcess] Writing entries...
[2018-07-06 15:06:21,023: INFO/MainProcess] Writing entries...
[2018-07-06 15:09:21,213: INFO/MainProcess] Writing entries...
[2018-07-06 15:12:21,395: INFO/MainProcess] Writing entries...
[2018-07-06 15:15:21,576: INFO/MainProcess] Writing entries...
[2018-07-06 15:18:21,760: INFO/MainProcess] Writing entries...
[2018-07-06 15:21:21,941: INFO/MainProcess] Writing entries...
[2018-07-06 15:24:22,093: INFO/MainProcess] Writing entries...
[2018-07-06 15:27:22,280: INFO/MainProcess] Writing entries...
[2018-07-06 15:30:22,468: INFO/MainProcess] Writing entries...
[2018-07-06 15:33:22,664: INFO/MainProcess] Writing entries...
[2018-07-06 15:36:22,854: INFO/MainProcess] Writing entries...
[2018-07-06 15:39:23,039: INFO/MainProcess] Writing entries...
[2018-07-06 15:42:23,230: INFO/MainProcess] Writing entries...
[2018-07-06 15:45:23,422: INFO/MainProcess] Writing entries...
[2018-07-06 15:48:23,613: INFO/MainProcess] Writing entries...
[2018-07-06 15:51:23,796: INFO/MainProcess] Writing entries...
[2018-07-06 15:54:23,985: INFO/MainProcess] Writing entries...
[2018-07-06 15:57:24,173: INFO/MainProcess] Writing entries...
[2018-07-06 16:00:24,359: INFO/MainProcess] Writing entries...
[2018-07-06 16:03:24,537: INFO/MainProcess] Writing entries...
[2018-07-06 16:06:24,720: INFO/MainProcess] Writing entries...
[2018-07-06 16:09:24,890: INFO/MainProcess] Writing entries...
[2018-07-06 16:12:25,075: INFO/MainProcess] Writing entries...
[2018-07-06 16:15:25,260: INFO/MainProcess] Writing entries...
[2018-07-06 16:18:25,445: INFO/MainProcess] Writing entries...
[2018-07-06 16:21:25,633: INFO/MainProcess] Writing entries...
[2018-07-06 16:24:25,823: INFO/MainProcess] Writing entries...
[2018-07-06 16:27:26,015: INFO/MainProcess] Writing entries...
[2018-07-06 16:30:26,203: INFO/MainProcess] Writing entries...
[2018-07-06 16:33:26,387: INFO/MainProcess] Writing entries...
[2018-07-06 16:36:26,573: INFO/MainProcess] Writing entries...
[2018-07-06 16:39:26,764: INFO/MainProcess] Writing entries...
[2018-07-06 16:42:26,946: INFO/MainProcess] Writing entries...
[2018-07-06 16:45:27,132: INFO/MainProcess] Writing entries...
[2018-07-06 16:48:27,314: INFO/MainProcess] Writing entries...
[2018-07-06 16:51:27,503: INFO/MainProcess] Writing entries...
[2018-07-06 16:54:27,690: INFO/MainProcess] Writing entries...
[2018-07-06 16:57:27,869: INFO/MainProcess] Writing entries...
[2018-07-06 17:00:28,055: INFO/MainProcess] Writing entries...
[2018-07-06 17:03:28,210: INFO/MainProcess] Writing entries...
[2018-07-06 17:06:28,391: INFO/MainProcess] Writing entries...
[2018-07-06 17:09:28,581: INFO/MainProcess] Writing entries...
[2018-07-06 17:12:28,772: INFO/MainProcess] Writing entries...
[2018-07-06 17:15:28,961: INFO/MainProcess] Writing entries...
[2018-07-06 17:18:29,151: INFO/MainProcess] Writing entries...
[2018-07-06 17:21:29,334: INFO/MainProcess] Writing entries...
[2018-07-06 17:24:29,525: INFO/MainProcess] Writing entries...
[2018-07-06 17:27:29,703: INFO/MainProcess] Writing entries...
[2018-07-06 17:30:29,888: INFO/MainProcess] Writing entries...
[2018-07-06 17:33:30,068: INFO/MainProcess] Writing entries...
[2018-07-06 17:36:30,252: INFO/MainProcess] Writing entries...
[2018-07-06 17:39:30,440: INFO/MainProcess] Writing entries...
[2018-07-06 17:42:30,615: INFO/MainProcess] Writing entries...
[2018-07-06 17:45:30,803: INFO/MainProcess] Writing entries...
[2018-07-06 17:48:30,987: INFO/MainProcess] Writing entries...
[2018-07-06 17:51:31,162: INFO/MainProcess] Writing entries...
[2018-07-06 17:54:31,344: INFO/MainProcess] Writing entries...
[2018-07-06 17:57:31,529: INFO/MainProcess] Writing entries...
[2018-07-06 18:00:31,714: INFO/MainProcess] Writing entries...
[2018-07-06 18:03:31,901: INFO/MainProcess] Writing entries...
[2018-07-06 18:06:32,087: INFO/MainProcess] Writing entries...
[2018-07-06 18:09:32,277: INFO/MainProcess] Writing entries...
[2018-07-06 18:12:32,464: INFO/MainProcess] Writing entries...
[2018-07-06 18:15:32,623: INFO/MainProcess] Writing entries...
[2018-07-06 18:18:32,796: INFO/MainProcess] Writing entries...
[2018-07-06 18:21:32,986: INFO/MainProcess] Writing entries...
[2018-07-06 18:24:33,163: INFO/MainProcess] Writing entries...
[2018-07-06 18:27:33,345: INFO/MainProcess] Writing entries...
[2018-07-06 18:30:33,532: INFO/MainProcess] Writing entries...
[2018-07-06 18:33:33,716: INFO/MainProcess] Writing entries...
[2018-07-06 18:36:33,897: INFO/MainProcess] Writing entries...
[2018-07-06 18:39:34,077: INFO/MainProcess] Writing entries...
[2018-07-06 18:42:34,255: INFO/MainProcess] Writing entries...
[2018-07-06 18:45:34,425: INFO/MainProcess] Writing entries...
[2018-07-06 18:48:34,612: INFO/MainProcess] Writing entries...
[2018-07-06 18:51:34,793: INFO/MainProcess] Writing entries...
[2018-07-06 18:54:34,978: INFO/MainProcess] Writing entries...
[2018-07-06 18:57:35,157: INFO/MainProcess] Writing entries...
[2018-07-06 19:00:35,343: INFO/MainProcess] Writing entries...
[2018-07-06 19:03:35,534: INFO/MainProcess] Writing entries...
[2018-07-06 19:06:35,724: INFO/MainProcess] Writing entries...
[2018-07-06 19:09:35,902: INFO/MainProcess] Writing entries...
[2018-07-06 19:12:36,087: INFO/MainProcess] Writing entries...
[2018-07-06 19:15:36,274: INFO/MainProcess] Writing entries...
[2018-07-06 19:18:36,458: INFO/MainProcess] Writing entries...
[2018-07-06 19:21:36,639: INFO/MainProcess] Writing entries...
[2018-07-06 19:24:36,827: INFO/MainProcess] Writing entries...
[2018-07-06 19:27:36,997: INFO/MainProcess] Writing entries...
[2018-07-06 19:30:37,170: INFO/MainProcess] Writing entries...
[2018-07-06 19:33:37,351: INFO/MainProcess] Writing entries...
[2018-07-06 19:36:37,522: INFO/MainProcess] Writing entries...
[2018-07-06 19:39:37,706: INFO/MainProcess] Writing entries...
[2018-07-06 19:42:37,886: INFO/MainProcess] Writing entries...
[2018-07-06 19:45:38,073: INFO/MainProcess] Writing entries...
[2018-07-06 19:48:38,247: INFO/MainProcess] Writing entries...
[2018-07-06 19:51:38,436: INFO/MainProcess] Writing entries...
[2018-07-06 19:54:38,614: INFO/MainProcess] Writing entries...
[2018-07-06 19:57:38,793: INFO/MainProcess] Writing entries...
[2018-07-06 20:00:38,966: INFO/MainProcess] Writing entries...
[2018-07-06 20:03:39,152: INFO/MainProcess] Writing entries...
[2018-07-06 20:06:39,335: INFO/MainProcess] Writing entries...
[2018-07-06 20:09:39,521: INFO/MainProcess] Writing entries...
[2018-07-06 20:12:39,706: INFO/MainProcess] Writing entries...
[2018-07-06 20:15:39,889: INFO/MainProcess] Writing entries...
[2018-07-06 20:18:40,073: INFO/MainProcess] Writing entries...
[2018-07-06 20:21:40,258: INFO/MainProcess] Writing entries...
[2018-07-06 20:24:40,446: INFO/MainProcess] Writing entries...
[2018-07-06 20:27:40,633: INFO/MainProcess] Writing entries...
[2018-07-06 20:30:40,805: INFO/MainProcess] Writing entries...
[2018-07-06 20:33:40,985: INFO/MainProcess] Writing entries...
[2018-07-06 20:36:41,165: INFO/MainProcess] Writing entries...
[2018-07-06 20:39:41,349: INFO/MainProcess] Writing entries...
[2018-07-06 20:42:41,517: INFO/MainProcess] Writing entries...
[2018-07-06 20:45:41,680: INFO/MainProcess] Writing entries...
[2018-07-06 20:48:41,860: INFO/MainProcess] Writing entries...
[2018-07-06 20:51:42,030: INFO/MainProcess] Writing entries...
[2018-07-06 20:54:42,217: INFO/MainProcess] Writing entries...
[2018-07-06 20:57:42,391: INFO/MainProcess] Writing entries...
[2018-07-06 21:00:42,571: INFO/MainProcess] Writing entries...
[2018-07-06 21:03:42,749: INFO/MainProcess] Writing entries...
[2018-07-06 21:06:42,927: INFO/MainProcess] Writing entries...
[2018-07-06 21:09:43,111: INFO/MainProcess] Writing entries...
[2018-07-06 21:12:43,297: INFO/MainProcess] Writing entries...
[2018-07-06 21:15:43,467: INFO/MainProcess] Writing entries...
[2018-07-06 21:18:43,651: INFO/MainProcess] Writing entries...
[2018-07-06 21:21:43,818: INFO/MainProcess] Writing entries...
[2018-07-06 21:24:43,986: INFO/MainProcess] Writing entries...
[2018-07-06 21:27:44,168: INFO/MainProcess] Writing entries...
[2018-07-06 21:30:44,345: INFO/MainProcess] Writing entries...
[2018-07-06 21:33:44,522: INFO/MainProcess] Writing entries...
[2018-07-06 21:36:44,695: INFO/MainProcess] Writing entries...
[2018-07-06 21:39:44,877: INFO/MainProcess] Writing entries...
[2018-07-06 21:42:45,031: INFO/MainProcess] Writing entries...
[2018-07-06 21:45:45,193: INFO/MainProcess] Writing entries...
[2018-07-06 21:48:45,362: INFO/MainProcess] Writing entries...
[2018-07-06 21:51:45,542: INFO/MainProcess] Writing entries...
[2018-07-06 21:54:45,727: INFO/MainProcess] Writing entries...
[2018-07-06 21:57:45,914: INFO/MainProcess] Writing entries...
[2018-07-06 22:00:46,084: INFO/MainProcess] Writing entries...
[2018-07-06 22:03:46,260: INFO/MainProcess] Writing entries...
[2018-07-06 22:06:46,446: INFO/MainProcess] Writing entries...
[2018-07-06 22:09:46,624: INFO/MainProcess] Writing entries...
[2018-07-06 22:12:46,792: INFO/MainProcess] Writing entries...
[2018-07-06 22:15:46,976: INFO/MainProcess] Writing entries...
[2018-07-06 22:18:47,150: INFO/MainProcess] Writing entries...
[2018-07-06 22:21:47,338: INFO/MainProcess] Writing entries...
[2018-07-06 22:24:47,514: INFO/MainProcess] Writing entries...
[2018-07-06 22:27:47,696: INFO/MainProcess] Writing entries...
[2018-07-06 22:30:47,884: INFO/MainProcess] Writing entries...
[2018-07-06 22:33:48,068: INFO/MainProcess] Writing entries...
[2018-07-06 22:36:48,248: INFO/MainProcess] Writing entries...
[2018-07-06 22:39:48,427: INFO/MainProcess] Writing entries...
[2018-07-06 22:42:48,606: INFO/MainProcess] Writing entries...
[2018-07-06 22:45:48,792: INFO/MainProcess] Writing entries...
[2018-07-06 22:48:48,974: INFO/MainProcess] Writing entries...
[2018-07-06 22:51:49,163: INFO/MainProcess] Writing entries...
[2018-07-06 22:54:49,332: INFO/MainProcess] Writing entries...
[2018-07-06 22:57:49,517: INFO/MainProcess] Writing entries...
[2018-07-06 23:00:49,673: INFO/MainProcess] Writing entries...
[2018-07-06 23:03:49,863: INFO/MainProcess] Writing entries...
[2018-07-06 23:06:50,043: INFO/MainProcess] Writing entries...
[2018-07-06 23:09:50,222: INFO/MainProcess] Writing entries...
[2018-07-06 23:12:50,407: INFO/MainProcess] Writing entries...
[2018-07-06 23:15:50,588: INFO/MainProcess] Writing entries...
[2018-07-06 23:18:50,770: INFO/MainProcess] Writing entries...
[2018-07-06 23:21:50,953: INFO/MainProcess] Writing entries...
[2018-07-06 23:24:51,134: INFO/MainProcess] Writing entries...
[2018-07-06 23:27:51,309: INFO/MainProcess] Writing entries...
[2018-07-06 23:30:51,480: INFO/MainProcess] Writing entries...
[2018-07-06 23:33:51,664: INFO/MainProcess] Writing entries...
[2018-07-06 23:36:51,845: INFO/MainProcess] Writing entries...
[2018-07-06 23:39:52,020: INFO/MainProcess] Writing entries...
[2018-07-06 23:42:52,205: INFO/MainProcess] Writing entries...
[2018-07-06 23:45:52,389: INFO/MainProcess] Writing entries...
[2018-07-06 23:48:52,575: INFO/MainProcess] Writing entries...
[2018-07-06 23:51:52,749: INFO/MainProcess] Writing entries...
[2018-07-06 23:54:52,919: INFO/MainProcess] Writing entries...
[2018-07-06 23:57:53,101: INFO/MainProcess] Writing entries...
[2018-07-07 00:00:53,266: INFO/MainProcess] Writing entries...
[2018-07-07 00:03:53,435: INFO/MainProcess] Writing entries...
[2018-07-07 00:06:53,617: INFO/MainProcess] Writing entries...
[2018-07-07 00:09:53,800: INFO/MainProcess] Writing entries...
[2018-07-07 00:12:53,977: INFO/MainProcess] Writing entries...
[2018-07-07 00:15:54,156: INFO/MainProcess] Writing entries...
[2018-07-07 00:18:54,347: INFO/MainProcess] Writing entries...
[2018-07-07 00:21:54,525: INFO/MainProcess] Writing entries...
[2018-07-07 00:24:54,713: INFO/MainProcess] Writing entries...
[2018-07-07 00:27:54,878: INFO/MainProcess] Writing entries...
[2018-07-07 00:30:55,069: INFO/MainProcess] Writing entries...
[2018-07-07 00:33:55,250: INFO/MainProcess] Writing entries...
[2018-07-07 00:36:55,431: INFO/MainProcess] Writing entries...
[2018-07-07 00:39:55,616: INFO/MainProcess] Writing entries...
[2018-07-07 00:42:55,806: INFO/MainProcess] Writing entries...
[2018-07-07 00:45:55,985: INFO/MainProcess] Writing entries...
[2018-07-07 00:48:56,148: INFO/MainProcess] Writing entries...
[2018-07-07 00:51:56,319: INFO/MainProcess] Writing entries...
[2018-07-07 00:54:56,497: INFO/MainProcess] Writing entries...
[2018-07-07 00:57:56,662: INFO/MainProcess] Writing entries...
[2018-07-07 01:00:56,847: INFO/MainProcess] Writing entries...
[2018-07-07 01:03:57,027: INFO/MainProcess] Writing entries...
[2018-07-07 01:06:57,217: INFO/MainProcess] Writing entries...
[2018-07-07 01:09:57,402: INFO/MainProcess] Writing entries...
[2018-07-07 01:12:57,581: INFO/MainProcess] Writing entries...
[2018-07-07 01:15:57,748: INFO/MainProcess] Writing entries...
[2018-07-07 01:18:57,928: INFO/MainProcess] Writing entries...
[2018-07-07 01:21:58,102: INFO/MainProcess] Writing entries...
[2018-07-07 01:24:58,278: INFO/MainProcess] Writing entries...
[2018-07-07 01:27:58,463: INFO/MainProcess] Writing entries...
[2018-07-07 01:30:58,652: INFO/MainProcess] Writing entries...
[2018-07-07 01:33:58,836: INFO/MainProcess] Writing entries...
[2018-07-07 01:36:59,016: INFO/MainProcess] Writing entries...
[2018-07-07 01:39:59,207: INFO/MainProcess] Writing entries...
[2018-07-07 01:42:59,381: INFO/MainProcess] Writing entries...
[2018-07-07 01:45:59,568: INFO/MainProcess] Writing entries...
[2018-07-07 01:48:59,753: INFO/MainProcess] Writing entries...
[2018-07-07 01:51:59,933: INFO/MainProcess] Writing entries...
[2018-07-07 01:55:00,082: INFO/MainProcess] Writing entries...
[2018-07-07 01:58:00,261: INFO/MainProcess] Writing entries...
[2018-07-07 02:01:00,442: INFO/MainProcess] Writing entries...
[2018-07-07 02:04:00,619: INFO/MainProcess] Writing entries...
[2018-07-07 02:07:00,785: INFO/MainProcess] Writing entries...
[2018-07-07 02:10:00,962: INFO/MainProcess] Writing entries...
[2018-07-07 02:13:01,136: INFO/MainProcess] Writing entries...
[2018-07-07 02:16:01,316: INFO/MainProcess] Writing entries...
[2018-07-07 02:19:01,491: INFO/MainProcess] Writing entries...
[2018-07-07 02:22:01,673: INFO/MainProcess] Writing entries...
[2018-07-07 02:25:01,845: INFO/MainProcess] Writing entries...
[2018-07-07 02:28:02,033: INFO/MainProcess] Writing entries...
[2018-07-07 02:31:02,217: INFO/MainProcess] Writing entries...
[2018-07-07 02:34:02,393: INFO/MainProcess] Writing entries...
[2018-07-07 02:37:02,548: INFO/MainProcess] Writing entries...
[2018-07-07 02:40:02,739: INFO/MainProcess] Writing entries...
[2018-07-07 02:43:02,926: INFO/MainProcess] Writing entries...
[2018-07-07 02:46:03,108: INFO/MainProcess] Writing entries...
[2018-07-07 02:49:03,289: INFO/MainProcess] Writing entries...
[2018-07-07 02:52:03,461: INFO/MainProcess] Writing entries...
[2018-07-07 02:55:03,647: INFO/MainProcess] Writing entries...
[2018-07-07 02:58:03,836: INFO/MainProcess] Writing entries...
[2018-07-07 03:01:04,014: INFO/MainProcess] Writing entries...
[2018-07-07 03:04:04,189: INFO/MainProcess] Writing entries...
[2018-07-07 03:07:04,367: INFO/MainProcess] Writing entries...
[2018-07-07 03:10:04,556: INFO/MainProcess] Writing entries...
[2018-07-07 03:13:04,729: INFO/MainProcess] Writing entries...
[2018-07-07 03:16:04,895: INFO/MainProcess] Writing entries...
[2018-07-07 03:19:05,072: INFO/MainProcess] Writing entries...
[2018-07-07 03:22:05,259: INFO/MainProcess] Writing entries...
[2018-07-07 03:25:05,443: INFO/MainProcess] Writing entries...
[2018-07-07 03:28:05,623: INFO/MainProcess] Writing entries...
[2018-07-07 03:31:05,806: INFO/MainProcess] Writing entries...
[2018-07-07 03:34:05,985: INFO/MainProcess] Writing entries...
[2018-07-07 03:37:06,168: INFO/MainProcess] Writing entries...
[2018-07-07 03:40:06,351: INFO/MainProcess] Writing entries...
[2018-07-07 03:43:06,527: INFO/MainProcess] Writing entries...
[2018-07-07 03:46:06,707: INFO/MainProcess] Writing entries...
[2018-07-07 03:49:06,883: INFO/MainProcess] Writing entries...
[2018-07-07 03:52:07,072: INFO/MainProcess] Writing entries...
[2018-07-07 03:55:07,252: INFO/MainProcess] Writing entries...
[2018-07-07 03:58:07,424: INFO/MainProcess] Writing entries...
[2018-07-07 04:01:07,562: INFO/MainProcess] Writing entries...
[2018-07-07 04:04:07,736: INFO/MainProcess] Writing entries...
[2018-07-07 04:07:07,920: INFO/MainProcess] Writing entries...
[2018-07-07 04:10:08,100: INFO/MainProcess] Writing entries...
[2018-07-07 04:13:08,284: INFO/MainProcess] Writing entries...
[2018-07-07 04:16:08,463: INFO/MainProcess] Writing entries...
[2018-07-07 04:19:08,644: INFO/MainProcess] Writing entries...
[2018-07-07 04:22:08,818: INFO/MainProcess] Writing entries...
[2018-07-07 04:25:09,009: INFO/MainProcess] Writing entries...
[2018-07-07 04:28:09,194: INFO/MainProcess] Writing entries...
[2018-07-07 04:31:09,357: INFO/MainProcess] Writing entries...
[2018-07-07 04:34:09,540: INFO/MainProcess] Writing entries...
[2018-07-07 04:37:09,717: INFO/MainProcess] Writing entries...
[2018-07-07 04:40:09,893: INFO/MainProcess] Writing entries...
[2018-07-07 04:43:10,053: INFO/MainProcess] Writing entries...
[2018-07-07 04:46:10,230: INFO/MainProcess] Writing entries...
[2018-07-07 04:49:10,403: INFO/MainProcess] Writing entries...
[2018-07-07 04:52:10,583: INFO/MainProcess] Writing entries...
[2018-07-07 04:55:10,770: INFO/MainProcess] Writing entries...
[2018-07-07 04:58:10,947: INFO/MainProcess] Writing entries...
[2018-07-07 05:01:11,128: INFO/MainProcess] Writing entries...
[2018-07-07 05:04:11,302: INFO/MainProcess] Writing entries...
[2018-07-07 05:07:11,465: INFO/MainProcess] Writing entries...
[2018-07-07 05:10:11,627: INFO/MainProcess] Writing entries...
[2018-07-07 05:13:11,801: INFO/MainProcess] Writing entries...
[2018-07-07 05:16:11,981: INFO/MainProcess] Writing entries...
[2018-07-07 05:19:12,168: INFO/MainProcess] Writing entries...
[2018-07-07 05:22:12,334: INFO/MainProcess] Writing entries...
[2018-07-07 05:25:12,512: INFO/MainProcess] Writing entries...
[2018-07-07 05:28:12,696: INFO/MainProcess] Writing entries...
[2018-07-07 05:31:12,865: INFO/MainProcess] Writing entries...
[2018-07-07 05:34:13,043: INFO/MainProcess] Writing entries...
[2018-07-07 05:37:13,228: INFO/MainProcess] Writing entries...
[2018-07-07 05:40:13,410: INFO/MainProcess] Writing entries...
[2018-07-07 05:43:13,595: INFO/MainProcess] Writing entries...
[2018-07-07 05:46:13,773: INFO/MainProcess] Writing entries...
[2018-07-07 05:49:13,955: INFO/MainProcess] Writing entries...
[2018-07-07 05:52:14,130: INFO/MainProcess] Writing entries...
[2018-07-07 05:55:14,321: INFO/MainProcess] Writing entries...
[2018-07-07 05:58:14,507: INFO/MainProcess] Writing entries...
[2018-07-07 06:01:14,675: INFO/MainProcess] Writing entries...
[2018-07-07 06:04:14,852: INFO/MainProcess] Writing entries...
[2018-07-07 06:07:15,033: INFO/MainProcess] Writing entries...
[2018-07-07 06:10:15,216: INFO/MainProcess] Writing entries...
[2018-07-07 06:13:15,394: INFO/MainProcess] Writing entries...
[2018-07-07 06:16:15,584: INFO/MainProcess] Writing entries...
[2018-07-07 06:19:15,767: INFO/MainProcess] Writing entries...
[2018-07-07 06:22:15,921: INFO/MainProcess] Writing entries...
[2018-07-07 06:25:16,100: INFO/MainProcess] Writing entries...
[2018-07-07 06:28:16,265: INFO/MainProcess] Writing entries...
[2018-07-07 06:31:16,441: INFO/MainProcess] Writing entries...
[2018-07-07 06:34:16,629: INFO/MainProcess] Writing entries...
[2018-07-07 06:37:16,806: INFO/MainProcess] Writing entries...
[2018-07-07 06:40:16,984: INFO/MainProcess] Writing entries...
[2018-07-07 06:43:17,165: INFO/MainProcess] Writing entries...
[2018-07-07 06:46:17,341: INFO/MainProcess] Writing entries...
[2018-07-07 06:49:17,521: INFO/MainProcess] Writing entries...
[2018-07-07 06:52:17,687: INFO/MainProcess] Writing entries...
[2018-07-07 06:55:17,869: INFO/MainProcess] Writing entries...
[2018-07-07 06:58:18,047: INFO/MainProcess] Writing entries...
[2018-07-07 07:01:18,232: INFO/MainProcess] Writing entries...
[2018-07-07 07:04:18,418: INFO/MainProcess] Writing entries...
[2018-07-07 07:07:18,599: INFO/MainProcess] Writing entries...
[2018-07-07 07:10:18,788: INFO/MainProcess] Writing entries...
[2018-07-07 07:13:18,976: INFO/MainProcess] Writing entries...
[2018-07-07 07:16:19,139: INFO/MainProcess] Writing entries...
[2018-07-07 07:19:19,320: INFO/MainProcess] Writing entries...
[2018-07-07 07:22:19,499: INFO/MainProcess] Writing entries...
[2018-07-07 07:25:19,681: INFO/MainProcess] Writing entries...
[2018-07-07 07:28:19,827: INFO/MainProcess] Writing entries...
[2018-07-07 07:31:20,016: INFO/MainProcess] Writing entries...
[2018-07-07 07:34:20,203: INFO/MainProcess] Writing entries...
[2018-07-07 07:37:20,378: INFO/MainProcess] Writing entries...
[2018-07-07 07:40:20,549: INFO/MainProcess] Writing entries...
[2018-07-07 07:43:20,711: INFO/MainProcess] Writing entries...
[2018-07-07 07:46:20,878: INFO/MainProcess] Writing entries...
[2018-07-07 07:49:21,066: INFO/MainProcess] Writing entries...
[2018-07-07 07:52:21,243: INFO/MainProcess] Writing entries...
[2018-07-07 07:55:21,422: INFO/MainProcess] Writing entries...
[2018-07-07 07:58:21,604: INFO/MainProcess] Writing entries...
[2018-07-07 08:01:21,790: INFO/MainProcess] Writing entries...
[2018-07-07 08:04:21,978: INFO/MainProcess] Writing entries...
[2018-07-07 08:07:22,155: INFO/MainProcess] Writing entries...
[2018-07-07 08:10:22,337: INFO/MainProcess] Writing entries...
[2018-07-07 08:13:22,515: INFO/MainProcess] Writing entries...
[2018-07-07 08:16:22,695: INFO/MainProcess] Writing entries...
[2018-07-07 08:19:22,885: INFO/MainProcess] Writing entries...
[2018-07-07 08:22:23,072: INFO/MainProcess] Writing entries...
[2018-07-07 08:25:23,256: INFO/MainProcess] Writing entries...
[2018-07-07 08:28:23,445: INFO/MainProcess] Writing entries...
[2018-07-07 08:31:23,625: INFO/MainProcess] Writing entries...
[2018-07-07 08:34:23,814: INFO/MainProcess] Writing entries...
[2018-07-07 08:37:23,989: INFO/MainProcess] Writing entries...
[2018-07-07 08:40:24,171: INFO/MainProcess] Writing entries...
[2018-07-07 08:43:24,360: INFO/MainProcess] Writing entries...
[2018-07-07 08:46:24,544: INFO/MainProcess] Writing entries...
[2018-07-07 08:49:24,724: INFO/MainProcess] Writing entries...
[2018-07-07 08:52:24,906: INFO/MainProcess] Writing entries...
[2018-07-07 08:55:25,081: INFO/MainProcess] Writing entries...
[2018-07-07 08:58:25,256: INFO/MainProcess] Writing entries...
[2018-07-07 09:01:25,445: INFO/MainProcess] Writing entries...
[2018-07-07 09:04:25,623: INFO/MainProcess] Writing entries...
[2018-07-07 09:07:25,790: INFO/MainProcess] Writing entries...
[2018-07-07 09:10:25,971: INFO/MainProcess] Writing entries...
[2018-07-07 09:13:26,147: INFO/MainProcess] Writing entries...
[2018-07-07 09:16:26,335: INFO/MainProcess] Writing entries...
[2018-07-07 09:19:26,512: INFO/MainProcess] Writing entries...
[2018-07-07 09:22:26,696: INFO/MainProcess] Writing entries...
[2018-07-07 09:25:26,873: INFO/MainProcess] Writing entries...
[2018-07-07 09:28:27,039: INFO/MainProcess] Writing entries...
[2018-07-07 09:31:27,218: INFO/MainProcess] Writing entries...
[2018-07-07 09:34:27,394: INFO/MainProcess] Writing entries...
[2018-07-07 09:37:27,578: INFO/MainProcess] Writing entries...
[2018-07-07 09:40:27,757: INFO/MainProcess] Writing entries...
[2018-07-07 09:43:27,936: INFO/MainProcess] Writing entries...
[2018-07-07 09:46:28,112: INFO/MainProcess] Writing entries...
[2018-07-07 09:49:28,300: INFO/MainProcess] Writing entries...
[2018-07-07 09:52:28,482: INFO/MainProcess] Writing entries...
[2018-07-07 09:55:28,661: INFO/MainProcess] Writing entries...
[2018-07-07 09:58:28,831: INFO/MainProcess] Writing entries...
[2018-07-07 10:01:29,013: INFO/MainProcess] Writing entries...
[2018-07-07 10:04:29,195: INFO/MainProcess] Writing entries...
[2018-07-07 10:07:29,373: INFO/MainProcess] Writing entries...
[2018-07-07 10:10:29,540: INFO/MainProcess] Writing entries...
[2018-07-07 10:13:29,723: INFO/MainProcess] Writing entries...
[2018-07-07 10:16:29,902: INFO/MainProcess] Writing entries...
[2018-07-07 10:19:30,079: INFO/MainProcess] Writing entries...
[2018-07-07 10:22:30,259: INFO/MainProcess] Writing entries...
[2018-07-07 10:25:30,443: INFO/MainProcess] Writing entries...
[2018-07-07 10:28:30,630: INFO/MainProcess] Writing entries...
[2018-07-07 10:31:30,807: INFO/MainProcess] Writing entries...
[2018-07-07 10:34:30,979: INFO/MainProcess] Writing entries...
[2018-07-07 10:37:31,166: INFO/MainProcess] Writing entries...
[2018-07-07 10:40:31,335: INFO/MainProcess] Writing entries...
[2018-07-07 10:43:31,515: INFO/MainProcess] Writing entries...
[2018-07-07 10:46:31,684: INFO/MainProcess] Writing entries...
[2018-07-07 10:49:31,851: INFO/MainProcess] Writing entries...
[2018-07-07 10:52:32,039: INFO/MainProcess] Writing entries...
[2018-07-07 10:55:32,224: INFO/MainProcess] Writing entries...
[2018-07-07 10:58:32,394: INFO/MainProcess] Writing entries...
[2018-07-07 11:01:32,576: INFO/MainProcess] Writing entries...
[2018-07-07 11:04:32,759: INFO/MainProcess] Writing entries...
[2018-07-07 11:07:32,937: INFO/MainProcess] Writing entries...
[2018-07-07 11:10:33,106: INFO/MainProcess] Writing entries...
[2018-07-07 11:13:33,295: INFO/MainProcess] Writing entries...
[2018-07-07 11:16:33,475: INFO/MainProcess] Writing entries...
[2018-07-07 11:19:33,660: INFO/MainProcess] Writing entries...
[2018-07-07 11:22:33,830: INFO/MainProcess] Writing entries...
[2018-07-07 11:25:34,003: INFO/MainProcess] Writing entries...
[2018-07-07 11:28:34,189: INFO/MainProcess] Writing entries...
[2018-07-07 11:31:34,372: INFO/MainProcess] Writing entries...
[2018-07-07 11:34:34,562: INFO/MainProcess] Writing entries...
[2018-07-07 11:37:34,749: INFO/MainProcess] Writing entries...
[2018-07-07 11:40:34,935: INFO/MainProcess] Writing entries...
[2018-07-07 11:43:35,110: INFO/MainProcess] Writing entries...
[2018-07-07 11:46:35,285: INFO/MainProcess] Writing entries...
[2018-07-07 11:49:35,463: INFO/MainProcess] Writing entries...
[2018-07-07 11:52:35,648: INFO/MainProcess] Writing entries...
[2018-07-07 11:55:35,836: INFO/MainProcess] Writing entries...
[2018-07-07 11:58:35,946: INFO/MainProcess] Writing entries...
[2018-07-07 12:00:00,002: INFO/MainProcess] Scheduler: Sending due task celery.backend_cleanup (celery.backend_cleanup)
[2018-07-07 12:01:40,090: INFO/MainProcess] Writing entries...
[2018-07-07 12:04:40,260: INFO/MainProcess] Writing entries...
[2018-07-07 12:07:40,433: INFO/MainProcess] Writing entries...
[2018-07-07 12:10:40,604: INFO/MainProcess] Writing entries...
[2018-07-07 12:13:40,773: INFO/MainProcess] Writing entries...
[2018-07-07 12:16:40,960: INFO/MainProcess] Writing entries...
[2018-07-07 12:19:41,133: INFO/MainProcess] Writing entries...
[2018-07-07 12:22:41,311: INFO/MainProcess] Writing entries...
[2018-07-07 12:25:41,499: INFO/MainProcess] Writing entries...
[2018-07-07 12:28:41,681: INFO/MainProcess] Writing entries...
[2018-07-07 12:31:41,858: INFO/MainProcess] Writing entries...
[2018-07-07 12:34:42,042: INFO/MainProcess] Writing entries...
[2018-07-07 12:37:42,228: INFO/MainProcess] Writing entries...
[2018-07-07 12:40:42,410: INFO/MainProcess] Writing entries...
[2018-07-07 12:43:42,588: INFO/MainProcess] Writing entries...
[2018-07-07 12:46:42,770: INFO/MainProcess] Writing entries...
[2018-07-07 12:49:42,947: INFO/MainProcess] Writing entries...
[2018-07-07 12:52:43,134: INFO/MainProcess] Writing entries...
[2018-07-07 12:55:43,306: INFO/MainProcess] Writing entries...
[2018-07-07 12:58:43,489: INFO/MainProcess] Writing entries...
[2018-07-07 13:01:43,661: INFO/MainProcess] Writing entries...
[2018-07-07 13:04:43,845: INFO/MainProcess] Writing entries...
[2018-07-07 13:07:43,998: INFO/MainProcess] Writing entries...
[2018-07-07 13:10:44,186: INFO/MainProcess] Writing entries...
[2018-07-07 13:13:44,367: INFO/MainProcess] Writing entries...
[2018-07-07 13:16:44,549: INFO/MainProcess] Writing entries...
[2018-07-07 13:19:44,731: INFO/MainProcess] Writing entries...
[2018-07-07 13:22:44,919: INFO/MainProcess] Writing entries...
[2018-07-07 13:25:45,102: INFO/MainProcess] Writing entries...
[2018-07-07 13:28:45,275: INFO/MainProcess] Writing entries...
[2018-07-07 13:31:45,442: INFO/MainProcess] Writing entries...
[2018-07-07 13:34:45,632: INFO/MainProcess] Writing entries...
[2018-07-07 13:37:45,807: INFO/MainProcess] Writing entries...
[2018-07-07 13:40:45,975: INFO/MainProcess] Writing entries...
[2018-07-07 13:43:46,166: INFO/MainProcess] Writing entries...
[2018-07-07 13:46:46,349: INFO/MainProcess] Writing entries...
[2018-07-07 13:49:46,537: INFO/MainProcess] Writing entries...
[2018-07-07 13:52:46,719: INFO/MainProcess] Writing entries...
[2018-07-07 13:55:46,867: INFO/MainProcess] Writing entries...
[2018-07-07 13:58:47,049: INFO/MainProcess] Writing entries...
[2018-07-07 14:01:47,223: INFO/MainProcess] Writing entries...
[2018-07-07 14:04:47,397: INFO/MainProcess] Writing entries...
[2018-07-07 14:07:47,578: INFO/MainProcess] Writing entries...
[2018-07-07 14:10:47,756: INFO/MainProcess] Writing entries...
[2018-07-07 14:13:47,926: INFO/MainProcess] Writing entries...
[2018-07-07 14:16:48,097: INFO/MainProcess] Writing entries...
[2018-07-07 14:19:48,279: INFO/MainProcess] Writing entries...
[2018-07-07 14:22:48,451: INFO/MainProcess] Writing entries...
[2018-07-07 14:25:48,637: INFO/MainProcess] Writing entries...
[2018-07-07 14:28:48,816: INFO/MainProcess] Writing entries...
[2018-07-07 14:31:48,991: INFO/MainProcess] Writing entries...
[2018-07-07 14:34:49,182: INFO/MainProcess] Writing entries...
[2018-07-07 14:37:49,358: INFO/MainProcess] Writing entries...
[2018-07-07 14:40:49,533: INFO/MainProcess] Writing entries...
[2018-07-07 14:43:49,719: INFO/MainProcess] Writing entries...
[2018-07-07 14:46:49,897: INFO/MainProcess] Writing entries...
[2018-07-07 14:49:50,082: INFO/MainProcess] Writing entries...
[2018-07-07 14:52:50,273: INFO/MainProcess] Writing entries...
[2018-07-07 14:55:50,450: INFO/MainProcess] Writing entries...
[2018-07-07 14:58:50,635: INFO/MainProcess] Writing entries...
[2018-07-07 15:01:50,813: INFO/MainProcess] Writing entries...
[2018-07-07 15:04:50,995: INFO/MainProcess] Writing entries...
[2018-07-07 15:07:51,186: INFO/MainProcess] Writing entries...
[2018-07-07 15:10:51,373: INFO/MainProcess] Writing entries...
[2018-07-07 15:13:51,558: INFO/MainProcess] Writing entries...
[2018-07-07 15:16:51,738: INFO/MainProcess] Writing entries...
[2018-07-07 15:19:51,922: INFO/MainProcess] Writing entries...
[2018-07-07 15:22:52,106: INFO/MainProcess] Writing entries...
[2018-07-07 15:25:52,290: INFO/MainProcess] Writing entries...
[2018-07-07 15:28:52,460: INFO/MainProcess] Writing entries...
[2018-07-07 15:31:52,647: INFO/MainProcess] Writing entries...
[2018-07-07 15:34:52,828: INFO/MainProcess] Writing entries...
[2018-07-07 15:37:53,003: INFO/MainProcess] Writing entries...
[2018-07-07 15:40:53,179: INFO/MainProcess] Writing entries...
[2018-07-07 15:43:53,355: INFO/MainProcess] Writing entries...
[2018-07-07 15:46:53,532: INFO/MainProcess] Writing entries...
[2018-07-07 15:49:53,716: INFO/MainProcess] Writing entries...
[2018-07-07 15:52:53,898: INFO/MainProcess] Writing entries...
[2018-07-07 15:55:54,074: INFO/MainProcess] Writing entries...
[2018-07-07 15:58:54,254: INFO/MainProcess] Writing entries...
[2018-07-07 16:01:54,439: INFO/MainProcess] Writing entries...
[2018-07-07 16:04:54,623: INFO/MainProcess] Writing entries...
[2018-07-07 16:07:54,794: INFO/MainProcess] Writing entries...
[2018-07-07 16:10:54,975: INFO/MainProcess] Writing entries...
[2018-07-07 16:13:55,163: INFO/MainProcess] Writing entries...
[2018-07-07 16:16:55,350: INFO/MainProcess] Writing entries...
[2018-07-07 16:19:55,527: INFO/MainProcess] Writing entries...
[2018-07-07 16:22:55,707: INFO/MainProcess] Writing entries...
[2018-07-07 16:25:55,876: INFO/MainProcess] Writing entries...
[2018-07-07 16:28:56,065: INFO/MainProcess] Writing entries...
[2018-07-07 16:31:56,209: INFO/MainProcess] Writing entries...
[2018-07-07 16:34:56,378: INFO/MainProcess] Writing entries...
[2018-07-07 16:37:56,550: INFO/MainProcess] Writing entries...
[2018-07-07 16:40:56,735: INFO/MainProcess] Writing entries...
[2018-07-07 16:43:56,911: INFO/MainProcess] Writing entries...
[2018-07-07 16:46:57,091: INFO/MainProcess] Writing entries...
[2018-07-07 16:49:57,265: INFO/MainProcess] Writing entries...
[2018-07-07 16:52:57,448: INFO/MainProcess] Writing entries...
[2018-07-07 16:55:57,635: INFO/MainProcess] Writing entries...
[2018-07-07 16:58:57,820: INFO/MainProcess] Writing entries...
[2018-07-07 17:01:57,975: INFO/MainProcess] Writing entries...
[2018-07-07 17:04:58,150: INFO/MainProcess] Writing entries...
[2018-07-07 17:07:58,337: INFO/MainProcess] Writing entries...
[2018-07-07 17:10:58,520: INFO/MainProcess] Writing entries...
[2018-07-07 17:13:58,697: INFO/MainProcess] Writing entries...
[2018-07-07 17:16:58,879: INFO/MainProcess] Writing entries...
[2018-07-07 17:19:59,047: INFO/MainProcess] Writing entries...
[2018-07-07 17:22:59,238: INFO/MainProcess] Writing entries...
[2018-07-07 17:25:59,414: INFO/MainProcess] Writing entries...
[2018-07-07 17:28:59,595: INFO/MainProcess] Writing entries...
[2018-07-07 17:31:59,770: INFO/MainProcess] Writing entries...
[2018-07-07 17:34:59,935: INFO/MainProcess] Writing entries...
[2018-07-07 17:38:00,126: INFO/MainProcess] Writing entries...
[2018-07-07 17:41:00,300: INFO/MainProcess] Writing entries...
[2018-07-07 17:44:00,478: INFO/MainProcess] Writing entries...
[2018-07-07 17:47:00,660: INFO/MainProcess] Writing entries...
[2018-07-07 17:50:00,842: INFO/MainProcess] Writing entries...
[2018-07-07 17:53:01,022: INFO/MainProcess] Writing entries...
[2018-07-07 17:56:01,201: INFO/MainProcess] Writing entries...
[2018-07-07 17:59:01,365: INFO/MainProcess] Writing entries...
[2018-07-07 18:02:01,547: INFO/MainProcess] Writing entries...
[2018-07-07 18:05:01,738: INFO/MainProcess] Writing entries...
[2018-07-07 18:08:01,922: INFO/MainProcess] Writing entries...
[2018-07-07 18:11:02,105: INFO/MainProcess] Writing entries...
[2018-07-07 18:14:02,290: INFO/MainProcess] Writing entries...
[2018-07-07 18:17:02,467: INFO/MainProcess] Writing entries...
[2018-07-07 18:20:02,645: INFO/MainProcess] Writing entries...
[2018-07-07 18:23:02,829: INFO/MainProcess] Writing entries...
[2018-07-07 18:26:03,017: INFO/MainProcess] Writing entries...
[2018-07-07 18:29:03,201: INFO/MainProcess] Writing entries...
[2018-07-07 18:32:03,390: INFO/MainProcess] Writing entries...
[2018-07-07 18:35:03,579: INFO/MainProcess] Writing entries...
[2018-07-07 18:38:03,754: INFO/MainProcess] Writing entries...
[2018-07-07 18:41:03,936: INFO/MainProcess] Writing entries...
[2018-07-07 18:44:04,116: INFO/MainProcess] Writing entries...
[2018-07-07 18:47:04,302: INFO/MainProcess] Writing entries...
[2018-07-07 18:50:04,480: INFO/MainProcess] Writing entries...
[2018-07-07 18:53:04,660: INFO/MainProcess] Writing entries...
[2018-07-07 18:56:04,842: INFO/MainProcess] Writing entries...
[2018-07-07 18:59:05,024: INFO/MainProcess] Writing entries...
[2018-07-07 19:02:05,215: INFO/MainProcess] Writing entries...
[2018-07-07 19:05:05,393: INFO/MainProcess] Writing entries...
[2018-07-07 19:08:05,582: INFO/MainProcess] Writing entries...
[2018-07-07 19:11:05,756: INFO/MainProcess] Writing entries...
[2018-07-07 19:14:05,925: INFO/MainProcess] Writing entries...
[2018-07-07 19:17:06,100: INFO/MainProcess] Writing entries...
[2018-07-07 19:20:06,262: INFO/MainProcess] Writing entries...
[2018-07-07 19:23:06,432: INFO/MainProcess] Writing entries...
[2018-07-07 19:26:06,597: INFO/MainProcess] Writing entries...
[2018-07-07 19:29:06,783: INFO/MainProcess] Writing entries...
[2018-07-07 19:32:06,970: INFO/MainProcess] Writing entries...
[2018-07-07 19:35:07,143: INFO/MainProcess] Writing entries...
[2018-07-07 19:38:07,329: INFO/MainProcess] Writing entries...
[2018-07-07 19:41:07,506: INFO/MainProcess] Writing entries...
[2018-07-07 19:44:07,694: INFO/MainProcess] Writing entries...
[2018-07-07 19:47:07,873: INFO/MainProcess] Writing entries...
[2018-07-07 19:50:08,065: INFO/MainProcess] Writing entries...
[2018-07-07 19:53:08,242: INFO/MainProcess] Writing entries...
[2018-07-07 19:56:08,410: INFO/MainProcess] Writing entries...
[2018-07-07 19:59:08,592: INFO/MainProcess] Writing entries...
[2018-07-07 20:02:08,768: INFO/MainProcess] Writing entries...
[2018-07-07 20:05:08,944: INFO/MainProcess] Writing entries...
[2018-07-07 20:08:09,129: INFO/MainProcess] Writing entries...
[2018-07-07 20:11:09,295: INFO/MainProcess] Writing entries...
[2018-07-07 20:14:09,474: INFO/MainProcess] Writing entries...
[2018-07-07 20:17:09,650: INFO/MainProcess] Writing entries...
[2018-07-07 20:20:09,835: INFO/MainProcess] Writing entries...
[2018-07-07 20:23:10,010: INFO/MainProcess] Writing entries...
[2018-07-07 20:26:10,182: INFO/MainProcess] Writing entries...
[2018-07-07 20:29:10,365: INFO/MainProcess] Writing entries...
[2018-07-07 20:32:10,547: INFO/MainProcess] Writing entries...
[2018-07-07 20:35:10,723: INFO/MainProcess] Writing entries...
[2018-07-07 20:38:10,910: INFO/MainProcess] Writing entries...
[2018-07-07 20:41:11,087: INFO/MainProcess] Writing entries...
[2018-07-07 20:44:11,266: INFO/MainProcess] Writing entries...
[2018-07-07 20:47:11,446: INFO/MainProcess] Writing entries...
[2018-07-07 20:50:11,634: INFO/MainProcess] Writing entries...
[2018-07-07 20:53:11,802: INFO/MainProcess] Writing entries...
[2018-07-07 20:56:11,987: INFO/MainProcess] Writing entries...
[2018-07-07 20:59:12,172: INFO/MainProcess] Writing entries...
[2018-07-07 21:02:12,347: INFO/MainProcess] Writing entries...
[2018-07-07 21:05:12,532: INFO/MainProcess] Writing entries...
[2018-07-07 21:08:12,704: INFO/MainProcess] Writing entries...
[2018-07-07 21:11:12,854: INFO/MainProcess] Writing entries...
[2018-07-07 21:14:13,036: INFO/MainProcess] Writing entries...
[2018-07-07 21:17:13,209: INFO/MainProcess] Writing entries...
[2018-07-07 21:20:13,392: INFO/MainProcess] Writing entries...
[2018-07-07 21:23:13,568: INFO/MainProcess] Writing entries...
[2018-07-07 21:26:13,737: INFO/MainProcess] Writing entries...
[2018-07-07 21:29:13,924: INFO/MainProcess] Writing entries...
[2018-07-07 21:32:14,103: INFO/MainProcess] Writing entries...
[2018-07-07 21:35:14,262: INFO/MainProcess] Writing entries...
[2018-07-07 21:38:14,427: INFO/MainProcess] Writing entries...
[2018-07-07 21:41:14,602: INFO/MainProcess] Writing entries...
[2018-07-07 21:44:14,779: INFO/MainProcess] Writing entries...
[2018-07-07 21:47:14,956: INFO/MainProcess] Writing entries...
[2018-07-07 21:50:15,139: INFO/MainProcess] Writing entries...
[2018-07-07 21:53:15,323: INFO/MainProcess] Writing entries...
[2018-07-07 21:56:15,493: INFO/MainProcess] Writing entries...
[2018-07-07 21:59:15,677: INFO/MainProcess] Writing entries...
[2018-07-07 22:02:15,864: INFO/MainProcess] Writing entries...
[2018-07-07 22:05:16,050: INFO/MainProcess] Writing entries...
[2018-07-07 22:08:16,232: INFO/MainProcess] Writing entries...
[2018-07-07 22:11:16,399: INFO/MainProcess] Writing entries...
[2018-07-07 22:14:16,579: INFO/MainProcess] Writing entries...
[2018-07-07 22:17:16,745: INFO/MainProcess] Writing entries...
[2018-07-07 22:20:16,934: INFO/MainProcess] Writing entries...
[2018-07-07 22:23:17,115: INFO/MainProcess] Writing entries...
[2018-07-07 22:26:17,287: INFO/MainProcess] Writing entries...
[2018-07-07 22:29:17,475: INFO/MainProcess] Writing entries...
[2018-07-07 22:32:17,659: INFO/MainProcess] Writing entries...
[2018-07-07 22:35:17,838: INFO/MainProcess] Writing entries...
[2018-07-07 22:38:18,013: INFO/MainProcess] Writing entries...
[2018-07-07 22:41:18,195: INFO/MainProcess] Writing entries...
[2018-07-07 22:44:18,381: INFO/MainProcess] Writing entries...
[2018-07-07 22:47:18,565: INFO/MainProcess] Writing entries...
[2018-07-07 22:50:18,748: INFO/MainProcess] Writing entries...
[2018-07-07 22:53:18,927: INFO/MainProcess] Writing entries...
[2018-07-07 22:56:19,116: INFO/MainProcess] Writing entries...
[2018-07-07 22:59:19,264: INFO/MainProcess] Writing entries...
[2018-07-07 23:02:19,453: INFO/MainProcess] Writing entries...
[2018-07-07 23:05:19,630: INFO/MainProcess] Writing entries...
[2018-07-07 23:08:19,811: INFO/MainProcess] Writing entries...
[2018-07-07 23:11:19,990: INFO/MainProcess] Writing entries...
[2018-07-07 23:14:20,177: INFO/MainProcess] Writing entries...
[2018-07-07 23:17:20,356: INFO/MainProcess] Writing entries...
[2018-07-07 23:20:20,528: INFO/MainProcess] Writing entries...
[2018-07-07 23:23:20,710: INFO/MainProcess] Writing entries...
[2018-07-07 23:26:20,886: INFO/MainProcess] Writing entries...
[2018-07-07 23:29:21,065: INFO/MainProcess] Writing entries...
[2018-07-07 23:32:21,233: INFO/MainProcess] Writing entries...
[2018-07-07 23:35:21,407: INFO/MainProcess] Writing entries...
[2018-07-07 23:38:21,588: INFO/MainProcess] Writing entries...
[2018-07-07 23:41:21,777: INFO/MainProcess] Writing entries...
[2018-07-07 23:44:21,958: INFO/MainProcess] Writing entries...
[2018-07-07 23:47:22,142: INFO/MainProcess] Writing entries...
[2018-07-07 23:50:22,307: INFO/MainProcess] Writing entries...
[2018-07-07 23:53:22,498: INFO/MainProcess] Writing entries...
[2018-07-07 23:56:22,683: INFO/MainProcess] Writing entries...
[2018-07-07 23:59:22,866: INFO/MainProcess] Writing entries...
[2018-07-08 00:02:23,048: INFO/MainProcess] Writing entries...
[2018-07-08 00:05:23,228: INFO/MainProcess] Writing entries...
[2018-07-08 00:08:23,408: INFO/MainProcess] Writing entries...
[2018-07-08 00:11:23,594: INFO/MainProcess] Writing entries...
[2018-07-08 00:14:23,768: INFO/MainProcess] Writing entries...
[2018-07-08 00:17:23,955: INFO/MainProcess] Writing entries...
[2018-07-08 00:20:24,140: INFO/MainProcess] Writing entries...
[2018-07-08 00:23:24,317: INFO/MainProcess] Writing entries...
[2018-07-08 00:26:24,485: INFO/MainProcess] Writing entries...
[2018-07-08 00:29:24,655: INFO/MainProcess] Writing entries...
[2018-07-08 00:32:24,834: INFO/MainProcess] Writing entries...
[2018-07-08 00:35:25,017: INFO/MainProcess] Writing entries...
[2018-07-08 00:38:25,200: INFO/MainProcess] Writing entries...
[2018-07-08 00:41:25,384: INFO/MainProcess] Writing entries...
[2018-07-08 00:44:25,570: INFO/MainProcess] Writing entries...
[2018-07-08 00:47:25,747: INFO/MainProcess] Writing entries...
[2018-07-08 00:50:25,933: INFO/MainProcess] Writing entries...
[2018-07-08 00:53:26,110: INFO/MainProcess] Writing entries...
[2018-07-08 00:56:26,285: INFO/MainProcess] Writing entries...
[2018-07-08 00:59:26,473: INFO/MainProcess] Writing entries...
[2018-07-08 01:02:26,649: INFO/MainProcess] Writing entries...
[2018-07-08 01:05:26,831: INFO/MainProcess] Writing entries...
[2018-07-08 01:08:27,022: INFO/MainProcess] Writing entries...
[2018-07-08 01:11:27,191: INFO/MainProcess] Writing entries...
[2018-07-08 01:14:27,374: INFO/MainProcess] Writing entries...
[2018-07-08 01:17:27,549: INFO/MainProcess] Writing entries...
[2018-07-08 01:20:27,730: INFO/MainProcess] Writing entries...
[2018-07-08 01:23:27,910: INFO/MainProcess] Writing entries...
[2018-07-08 01:26:28,076: INFO/MainProcess] Writing entries...
[2018-07-08 01:29:28,259: INFO/MainProcess] Writing entries...
[2018-07-08 01:32:28,443: INFO/MainProcess] Writing entries...
[2018-07-08 01:35:28,615: INFO/MainProcess] Writing entries...
[2018-07-08 01:38:28,800: INFO/MainProcess] Writing entries...
[2018-07-08 01:41:28,981: INFO/MainProcess] Writing entries...
[2018-07-08 01:44:29,168: INFO/MainProcess] Writing entries...
[2018-07-08 01:47:29,355: INFO/MainProcess] Writing entries...
[2018-07-08 01:50:29,541: INFO/MainProcess] Writing entries...
[2018-07-08 01:53:29,714: INFO/MainProcess] Writing entries...
[2018-07-08 01:56:29,890: INFO/MainProcess] Writing entries...
[2018-07-08 01:59:30,062: INFO/MainProcess] Writing entries...
[2018-07-08 02:02:30,248: INFO/MainProcess] Writing entries...
[2018-07-08 02:05:30,427: INFO/MainProcess] Writing entries...
[2018-07-08 02:08:30,598: INFO/MainProcess] Writing entries...
[2018-07-08 02:11:30,777: INFO/MainProcess] Writing entries...
[2018-07-08 02:14:30,945: INFO/MainProcess] Writing entries...
[2018-07-08 02:17:31,115: INFO/MainProcess] Writing entries...
[2018-07-08 02:20:31,296: INFO/MainProcess] Writing entries...
[2018-07-08 02:23:31,475: INFO/MainProcess] Writing entries...
[2018-07-08 02:26:31,650: INFO/MainProcess] Writing entries...
[2018-07-08 02:29:31,830: INFO/MainProcess] Writing entries...
[2018-07-08 02:32:32,002: INFO/MainProcess] Writing entries...
[2018-07-08 02:35:32,177: INFO/MainProcess] Writing entries...
[2018-07-08 02:38:32,345: INFO/MainProcess] Writing entries...
[2018-07-08 02:41:32,531: INFO/MainProcess] Writing entries...
[2018-07-08 02:44:32,712: INFO/MainProcess] Writing entries...
[2018-07-08 02:47:32,886: INFO/MainProcess] Writing entries...
[2018-07-08 02:50:33,065: INFO/MainProcess] Writing entries...
[2018-07-08 02:53:33,234: INFO/MainProcess] Writing entries...
[2018-07-08 02:56:33,421: INFO/MainProcess] Writing entries...
[2018-07-08 02:59:33,604: INFO/MainProcess] Writing entries...
[2018-07-08 03:02:33,758: INFO/MainProcess] Writing entries...
[2018-07-08 03:05:33,942: INFO/MainProcess] Writing entries...
[2018-07-08 03:08:34,128: INFO/MainProcess] Writing entries...
[2018-07-08 03:11:34,308: INFO/MainProcess] Writing entries...
[2018-07-08 03:14:34,486: INFO/MainProcess] Writing entries...
[2018-07-08 03:17:34,668: INFO/MainProcess] Writing entries...
[2018-07-08 03:20:34,852: INFO/MainProcess] Writing entries...
[2018-07-08 03:23:35,031: INFO/MainProcess] Writing entries...
[2018-07-08 03:26:35,207: INFO/MainProcess] Writing entries...
[2018-07-08 03:29:35,385: INFO/MainProcess] Writing entries...
[2018-07-08 03:32:35,574: INFO/MainProcess] Writing entries...
[2018-07-08 03:35:35,757: INFO/MainProcess] Writing entries...
[2018-07-08 03:38:35,935: INFO/MainProcess] Writing entries...
[2018-07-08 03:41:36,108: INFO/MainProcess] Writing entries...
[2018-07-08 03:44:36,290: INFO/MainProcess] Writing entries...
[2018-07-08 03:47:36,473: INFO/MainProcess] Writing entries...
[2018-07-08 03:50:36,662: INFO/MainProcess] Writing entries...
[2018-07-08 03:53:36,841: INFO/MainProcess] Writing entries...
[2018-07-08 03:56:37,016: INFO/MainProcess] Writing entries...
[2018-07-08 03:59:37,196: INFO/MainProcess] Writing entries...
[2018-07-08 04:02:37,378: INFO/MainProcess] Writing entries...
[2018-07-08 04:05:37,552: INFO/MainProcess] Writing entries...
[2018-07-08 04:08:37,726: INFO/MainProcess] Writing entries...
[2018-07-08 04:11:37,900: INFO/MainProcess] Writing entries...
[2018-07-08 04:14:38,085: INFO/MainProcess] Writing entries...
[2018-07-08 04:17:38,268: INFO/MainProcess] Writing entries...
[2018-07-08 04:20:38,438: INFO/MainProcess] Writing entries...
[2018-07-08 04:23:38,624: INFO/MainProcess] Writing entries...
[2018-07-08 04:26:38,803: INFO/MainProcess] Writing entries...
[2018-07-08 04:29:38,979: INFO/MainProcess] Writing entries...
[2018-07-08 04:32:39,166: INFO/MainProcess] Writing entries...
[2018-07-08 04:35:39,346: INFO/MainProcess] Writing entries...
[2018-07-08 04:38:39,523: INFO/MainProcess] Writing entries...
[2018-07-08 04:41:39,702: INFO/MainProcess] Writing entries...
[2018-07-08 04:44:39,884: INFO/MainProcess] Writing entries...
[2018-07-08 04:47:40,056: INFO/MainProcess] Writing entries...
[2018-07-08 04:50:40,227: INFO/MainProcess] Writing entries...
[2018-07-08 04:53:40,412: INFO/MainProcess] Writing entries...
[2018-07-08 04:56:40,598: INFO/MainProcess] Writing entries...
[2018-07-08 04:59:40,783: INFO/MainProcess] Writing entries...
[2018-07-08 05:02:40,971: INFO/MainProcess] Writing entries...
[2018-07-08 05:05:41,150: INFO/MainProcess] Writing entries...
[2018-07-08 05:08:41,313: INFO/MainProcess] Writing entries...
[2018-07-08 05:11:41,503: INFO/MainProcess] Writing entries...
[2018-07-08 05:14:41,690: INFO/MainProcess] Writing entries...
[2018-07-08 05:17:41,869: INFO/MainProcess] Writing entries...
[2018-07-08 05:20:42,049: INFO/MainProcess] Writing entries...
[2018-07-08 05:23:42,230: INFO/MainProcess] Writing entries...
[2018-07-08 05:26:42,404: INFO/MainProcess] Writing entries...
[2018-07-08 05:29:42,591: INFO/MainProcess] Writing entries...
[2018-07-08 05:32:42,778: INFO/MainProcess] Writing entries...
[2018-07-08 05:35:42,957: INFO/MainProcess] Writing entries...
[2018-07-08 05:38:43,136: INFO/MainProcess] Writing entries...
[2018-07-08 05:41:43,321: INFO/MainProcess] Writing entries...
[2018-07-08 05:44:43,502: INFO/MainProcess] Writing entries...
[2018-07-08 05:47:43,680: INFO/MainProcess] Writing entries...
[2018-07-08 05:50:43,850: INFO/MainProcess] Writing entries...
[2018-07-08 05:53:44,020: INFO/MainProcess] Writing entries...
[2018-07-08 05:56:44,141: INFO/MainProcess] Writing entries...
[2018-07-08 05:59:44,326: INFO/MainProcess] Writing entries...
[2018-07-08 06:02:44,504: INFO/MainProcess] Writing entries...
[2018-07-08 06:05:44,671: INFO/MainProcess] Writing entries...
[2018-07-08 06:08:44,854: INFO/MainProcess] Writing entries...
[2018-07-08 06:11:45,045: INFO/MainProcess] Writing entries...
[2018-07-08 06:14:45,224: INFO/MainProcess] Writing entries...
[2018-07-08 06:17:45,400: INFO/MainProcess] Writing entries...
[2018-07-08 06:20:45,585: INFO/MainProcess] Writing entries...
[2018-07-08 06:23:45,767: INFO/MainProcess] Writing entries...
[2018-07-08 06:26:45,947: INFO/MainProcess] Writing entries...
[2018-07-08 06:29:46,112: INFO/MainProcess] Writing entries...
[2018-07-08 06:32:46,295: INFO/MainProcess] Writing entries...
[2018-07-08 06:35:46,471: INFO/MainProcess] Writing entries...
[2018-07-08 06:38:46,647: INFO/MainProcess] Writing entries...
[2018-07-08 06:41:46,832: INFO/MainProcess] Writing entries...
[2018-07-08 06:44:47,006: INFO/MainProcess] Writing entries...
[2018-07-08 06:47:47,192: INFO/MainProcess] Writing entries...
[2018-07-08 06:50:47,351: INFO/MainProcess] Writing entries...
[2018-07-08 06:53:47,527: INFO/MainProcess] Writing entries...
[2018-07-08 06:56:47,705: INFO/MainProcess] Writing entries...
[2018-07-08 06:59:47,890: INFO/MainProcess] Writing entries...
[2018-07-08 07:02:48,078: INFO/MainProcess] Writing entries...
[2018-07-08 07:05:48,258: INFO/MainProcess] Writing entries...
[2018-07-08 07:08:48,443: INFO/MainProcess] Writing entries...
[2018-07-08 07:11:48,622: INFO/MainProcess] Writing entries...
[2018-07-08 07:14:48,790: INFO/MainProcess] Writing entries...
[2018-07-08 07:17:48,975: INFO/MainProcess] Writing entries...
[2018-07-08 07:20:49,159: INFO/MainProcess] Writing entries...
[2018-07-08 07:23:49,345: INFO/MainProcess] Writing entries...
[2018-07-08 07:26:49,528: INFO/MainProcess] Writing entries...
[2018-07-08 07:29:49,709: INFO/MainProcess] Writing entries...
[2018-07-08 07:32:49,898: INFO/MainProcess] Writing entries...
[2018-07-08 07:35:50,081: INFO/MainProcess] Writing entries...
[2018-07-08 07:38:50,248: INFO/MainProcess] Writing entries...
[2018-07-08 07:41:50,434: INFO/MainProcess] Writing entries...
[2018-07-08 07:44:50,613: INFO/MainProcess] Writing entries...
[2018-07-08 07:47:50,798: INFO/MainProcess] Writing entries...
[2018-07-08 07:50:50,988: INFO/MainProcess] Writing entries...
[2018-07-08 07:53:51,167: INFO/MainProcess] Writing entries...
[2018-07-08 07:56:51,353: INFO/MainProcess] Writing entries...
[2018-07-08 07:59:51,531: INFO/MainProcess] Writing entries...
[2018-07-08 08:02:51,708: INFO/MainProcess] Writing entries...
[2018-07-08 08:05:51,882: INFO/MainProcess] Writing entries...
[2018-07-08 08:08:52,062: INFO/MainProcess] Writing entries...
[2018-07-08 08:11:52,216: INFO/MainProcess] Writing entries...
[2018-07-08 08:14:52,391: INFO/MainProcess] Writing entries...
[2018-07-08 08:17:52,575: INFO/MainProcess] Writing entries...
[2018-07-08 08:20:52,760: INFO/MainProcess] Writing entries...
[2018-07-08 08:23:52,940: INFO/MainProcess] Writing entries...
[2018-07-08 08:26:53,116: INFO/MainProcess] Writing entries...
[2018-07-08 08:29:53,280: INFO/MainProcess] Writing entries...
[2018-07-08 08:32:53,402: INFO/MainProcess] Writing entries...
[2018-07-08 08:35:53,591: INFO/MainProcess] Writing entries...
[2018-07-08 08:38:53,772: INFO/MainProcess] Writing entries...
[2018-07-08 08:41:53,952: INFO/MainProcess] Writing entries...
[2018-07-08 08:44:54,129: INFO/MainProcess] Writing entries...
[2018-07-08 08:47:54,311: INFO/MainProcess] Writing entries...
[2018-07-08 08:50:54,487: INFO/MainProcess] Writing entries...
[2018-07-08 08:53:54,652: INFO/MainProcess] Writing entries...
[2018-07-08 08:56:54,830: INFO/MainProcess] Writing entries...
[2018-07-08 08:59:55,009: INFO/MainProcess] Writing entries...
[2018-07-08 09:02:55,191: INFO/MainProcess] Writing entries...
[2018-07-08 09:05:55,359: INFO/MainProcess] Writing entries...
[2018-07-08 09:08:55,531: INFO/MainProcess] Writing entries...
[2018-07-08 09:11:55,713: INFO/MainProcess] Writing entries...
[2018-07-08 09:14:55,890: INFO/MainProcess] Writing entries...
[2018-07-08 09:17:56,073: INFO/MainProcess] Writing entries...
[2018-07-08 09:20:56,232: INFO/MainProcess] Writing entries...
[2018-07-08 09:23:56,403: INFO/MainProcess] Writing entries...
[2018-07-08 09:26:56,588: INFO/MainProcess] Writing entries...
[2018-07-08 09:29:56,772: INFO/MainProcess] Writing entries...
[2018-07-08 09:32:56,956: INFO/MainProcess] Writing entries...
[2018-07-08 09:35:57,143: INFO/MainProcess] Writing entries...
[2018-07-08 09:38:57,324: INFO/MainProcess] Writing entries...
[2018-07-08 09:41:57,500: INFO/MainProcess] Writing entries...
[2018-07-08 09:44:57,676: INFO/MainProcess] Writing entries...
[2018-07-08 09:47:57,852: INFO/MainProcess] Writing entries...
[2018-07-08 09:50:58,028: INFO/MainProcess] Writing entries...
[2018-07-08 09:53:58,203: INFO/MainProcess] Writing entries...
[2018-07-08 09:56:58,377: INFO/MainProcess] Writing entries...
[2018-07-08 09:59:58,562: INFO/MainProcess] Writing entries...
[2018-07-08 10:02:58,743: INFO/MainProcess] Writing entries...
[2018-07-08 10:05:58,933: INFO/MainProcess] Writing entries...
[2018-07-08 10:08:59,115: INFO/MainProcess] Writing entries...
[2018-07-08 10:11:59,287: INFO/MainProcess] Writing entries...
[2018-07-08 10:14:59,469: INFO/MainProcess] Writing entries...
[2018-07-08 10:17:59,651: INFO/MainProcess] Writing entries...
[2018-07-08 10:20:59,836: INFO/MainProcess] Writing entries...
[2018-07-08 10:24:00,015: INFO/MainProcess] Writing entries...
[2018-07-08 10:27:00,205: INFO/MainProcess] Writing entries...
[2018-07-08 10:30:00,383: INFO/MainProcess] Writing entries...
[2018-07-08 10:33:00,567: INFO/MainProcess] Writing entries...
[2018-07-08 10:36:00,748: INFO/MainProcess] Writing entries...
[2018-07-08 10:39:00,929: INFO/MainProcess] Writing entries...
[2018-07-08 10:42:01,120: INFO/MainProcess] Writing entries...
[2018-07-08 10:45:01,299: INFO/MainProcess] Writing entries...
[2018-07-08 10:48:01,462: INFO/MainProcess] Writing entries...
[2018-07-08 10:51:01,654: INFO/MainProcess] Writing entries...
[2018-07-08 10:54:01,841: INFO/MainProcess] Writing entries...
[2018-07-08 10:57:02,014: INFO/MainProcess] Writing entries...
[2018-07-08 11:00:02,198: INFO/MainProcess] Writing entries...
[2018-07-08 11:03:02,382: INFO/MainProcess] Writing entries...
[2018-07-08 11:06:02,573: INFO/MainProcess] Writing entries...
[2018-07-08 11:09:02,753: INFO/MainProcess] Writing entries...
[2018-07-08 11:12:02,923: INFO/MainProcess] Writing entries...
[2018-07-08 11:15:03,097: INFO/MainProcess] Writing entries...
[2018-07-08 11:18:03,283: INFO/MainProcess] Writing entries...
[2018-07-08 11:21:03,470: INFO/MainProcess] Writing entries...
[2018-07-08 11:24:03,640: INFO/MainProcess] Writing entries...
[2018-07-08 11:27:03,817: INFO/MainProcess] Writing entries...
[2018-07-08 11:30:03,993: INFO/MainProcess] Writing entries...
[2018-07-08 11:33:04,173: INFO/MainProcess] Writing entries...
[2018-07-08 11:36:04,360: INFO/MainProcess] Writing entries...
[2018-07-08 11:39:04,542: INFO/MainProcess] Writing entries...
[2018-07-08 11:42:04,724: INFO/MainProcess] Writing entries...
[2018-07-08 11:45:04,896: INFO/MainProcess] Writing entries...
[2018-07-08 11:48:05,076: INFO/MainProcess] Writing entries...
[2018-07-08 11:51:05,259: INFO/MainProcess] Writing entries...
[2018-07-08 11:54:05,449: INFO/MainProcess] Writing entries...
[2018-07-08 11:57:05,631: INFO/MainProcess] Writing entries...
[2018-07-08 12:00:00,002: INFO/MainProcess] Scheduler: Sending due task celery.backend_cleanup (celery.backend_cleanup)
[2018-07-08 12:00:10,015: INFO/MainProcess] Writing entries...
[2018-07-08 12:03:10,200: INFO/MainProcess] Writing entries...
[2018-07-08 12:06:10,384: INFO/MainProcess] Writing entries...
[2018-07-08 12:09:10,555: INFO/MainProcess] Writing entries...
[2018-07-08 12:12:10,730: INFO/MainProcess] Writing entries...
[2018-07-08 12:15:10,901: INFO/MainProcess] Writing entries...
[2018-07-08 12:18:11,080: INFO/MainProcess] Writing entries...
[2018-07-08 12:21:11,243: INFO/MainProcess] Writing entries...
[2018-07-08 12:24:11,429: INFO/MainProcess] Writing entries...
[2018-07-08 12:27:11,615: INFO/MainProcess] Writing entries...
[2018-07-08 12:30:11,770: INFO/MainProcess] Writing entries...
[2018-07-08 12:33:11,955: INFO/MainProcess] Writing entries...
[2018-07-08 12:36:12,131: INFO/MainProcess] Writing entries...
[2018-07-08 12:39:12,311: INFO/MainProcess] Writing entries...
[2018-07-08 12:42:12,489: INFO/MainProcess] Writing entries...
[2018-07-08 12:45:12,661: INFO/MainProcess] Writing entries...
[2018-07-08 12:48:12,849: INFO/MainProcess] Writing entries...
[2018-07-08 12:51:13,018: INFO/MainProcess] Writing entries...
[2018-07-08 12:54:13,207: INFO/MainProcess] Writing entries...
[2018-07-08 12:57:13,385: INFO/MainProcess] Writing entries...
[2018-07-08 13:00:13,556: INFO/MainProcess] Writing entries...
[2018-07-08 13:03:13,744: INFO/MainProcess] Writing entries...
[2018-07-08 13:06:13,926: INFO/MainProcess] Writing entries...
[2018-07-08 13:09:14,089: INFO/MainProcess] Writing entries...
[2018-07-08 13:12:14,262: INFO/MainProcess] Writing entries...
[2018-07-08 13:15:14,446: INFO/MainProcess] Writing entries...
[2018-07-08 13:18:14,614: INFO/MainProcess] Writing entries...
[2018-07-08 13:21:14,771: INFO/MainProcess] Writing entries...
[2018-07-08 13:24:14,944: INFO/MainProcess] Writing entries...
[2018-07-08 13:27:15,118: INFO/MainProcess] Writing entries...
[2018-07-08 13:30:15,291: INFO/MainProcess] Writing entries...
[2018-07-08 13:33:15,460: INFO/MainProcess] Writing entries...
[2018-07-08 13:36:15,642: INFO/MainProcess] Writing entries...
[2018-07-08 13:39:15,830: INFO/MainProcess] Writing entries...
[2018-07-08 13:42:16,021: INFO/MainProcess] Writing entries...
[2018-07-08 13:45:16,198: INFO/MainProcess] Writing entries...
[2018-07-08 13:48:16,368: INFO/MainProcess] Writing entries...
[2018-07-08 13:51:16,545: INFO/MainProcess] Writing entries...
[2018-07-08 13:54:16,712: INFO/MainProcess] Writing entries...
[2018-07-08 13:57:16,896: INFO/MainProcess] Writing entries...
[2018-07-08 14:00:17,073: INFO/MainProcess] Writing entries...
[2018-07-08 14:03:17,261: INFO/MainProcess] Writing entries...
[2018-07-08 14:06:17,443: INFO/MainProcess] Writing entries...
[2018-07-08 14:09:17,628: INFO/MainProcess] Writing entries...
[2018-07-08 14:12:17,809: INFO/MainProcess] Writing entries...
[2018-07-08 14:15:17,996: INFO/MainProcess] Writing entries...
[2018-07-08 14:18:18,184: INFO/MainProcess] Writing entries...
[2018-07-08 14:21:18,369: INFO/MainProcess] Writing entries...
[2018-07-08 14:24:18,554: INFO/MainProcess] Writing entries...
[2018-07-08 14:27:18,741: INFO/MainProcess] Writing entries...
[2018-07-08 14:30:18,927: INFO/MainProcess] Writing entries...
[2018-07-08 14:33:19,105: INFO/MainProcess] Writing entries...
[2018-07-08 14:36:19,278: INFO/MainProcess] Writing entries...
[2018-07-08 14:39:19,448: INFO/MainProcess] Writing entries...
[2018-07-08 14:42:19,633: INFO/MainProcess] Writing entries...
[2018-07-08 14:45:19,819: INFO/MainProcess] Writing entries...
[2018-07-08 14:48:20,006: INFO/MainProcess] Writing entries...
[2018-07-08 14:51:20,195: INFO/MainProcess] Writing entries...
[2018-07-08 14:54:20,379: INFO/MainProcess] Writing entries...
[2018-07-08 14:57:20,561: INFO/MainProcess] Writing entries...
[2018-07-08 15:00:20,737: INFO/MainProcess] Writing entries...
[2018-07-08 15:03:20,922: INFO/MainProcess] Writing entries...
[2018-07-08 15:06:21,097: INFO/MainProcess] Writing entries...
[2018-07-08 15:09:21,278: INFO/MainProcess] Writing entries...
[2018-07-08 15:12:21,439: INFO/MainProcess] Writing entries...
[2018-07-08 15:15:21,613: INFO/MainProcess] Writing entries...
[2018-07-08 15:18:21,795: INFO/MainProcess] Writing entries...
[2018-07-08 15:21:21,986: INFO/MainProcess] Writing entries...
[2018-07-08 15:24:22,167: INFO/MainProcess] Writing entries...
[2018-07-08 15:27:22,348: INFO/MainProcess] Writing entries...
[2018-07-08 15:30:22,535: INFO/MainProcess] Writing entries...
[2018-07-08 15:33:22,720: INFO/MainProcess] Writing entries...
[2018-07-08 15:36:22,908: INFO/MainProcess] Writing entries...
[2018-07-08 15:39:23,091: INFO/MainProcess] Writing entries...
[2018-07-08 15:42:23,271: INFO/MainProcess] Writing entries...
[2018-07-08 15:45:23,436: INFO/MainProcess] Writing entries...
